Using pre-set license
Built from '2020.3/staging' branch; Version is '2020.3.10f1 (297d780c91bc) revision 2719096'; Using compiler version '192528614'; Build Type 'Release'
OS: 'Windows 10 Home; OS build 19042.1348; Version 2009; 64bit' Language: 'ko' Physical Memory: 8106 MB
BatchMode: 1, IsHumanControllingUs: 0, StartBugReporterOnCrash: 0, Is64bit: 1, IsPro: 0

 COMMAND LINE ARGUMENTS:
C:\Program Files\Unity\Hub\Editor\2020.3.10f1\Editor\Unity.exe
-adb2
-batchMode
-noUpm
-name
AssetImportWorker3
-projectPath
C:/Users/User/Desktop/unity/Coc2
-logFile
Logs/AssetImportWorker3.log
-srvPort
11421
Successfully changed project path to: C:/Users/User/Desktop/unity/Coc2
C:/Users/User/Desktop/unity/Coc2
Using Asset Import Pipeline V2.
Refreshing native plugins compatible for Editor in 146.93 ms, found 2 plugins.
Preloading 0 native plugins for Editor in 0.00 ms.
Initialize engine version: 2020.3.10f1 (297d780c91bc)
[Subsystems] Discovering subsystems at path C:/Program Files/Unity/Hub/Editor/2020.3.10f1/Editor/Data/Resources/UnitySubsystems
[Subsystems] Discovering subsystems at path C:/Users/User/Desktop/unity/Coc2/Assets
GfxDevice: creating device client; threaded=0
Direct3D:
    Version:  Direct3D 11.0 [level 11.1]
    Renderer: Intel(R) HD Graphics 4600 (ID=0x416)
    Vendor:   
    VRAM:     2048 MB
    Driver:   20.19.15.4483
Initialize mono
Mono path[0] = 'C:/Program Files/Unity/Hub/Editor/2020.3.10f1/Editor/Data/Managed'
Mono path[1] = 'C:/Program Files/Unity/Hub/Editor/2020.3.10f1/Editor/Data/MonoBleedingEdge/lib/mono/unityjit'
Mono config path = 'C:/Program Files/Unity/Hub/Editor/2020.3.10f1/Editor/Data/MonoBleedingEdge/etc'
Using monoOptions --debugger-agent=transport=dt_socket,embedding=1,server=y,suspend=n,address=127.0.0.1:56400
Begin MonoManager ReloadAssembly
Registering precompiled unity dll's ...
Register platform support module: C:/Program Files/Unity/Hub/Editor/2020.3.10f1/Editor/Data/PlaybackEngines/WindowsStandaloneSupport/UnityEditor.WindowsStandalone.Extensions.dll
Registered in 0.032588 seconds.
Native extension for WindowsStandalone target not found
Refreshing native plugins compatible for Editor in 221.64 ms, found 2 plugins.
Preloading 0 native plugins for Editor in 0.00 ms.
Mono: successfully reloaded assembly
- Completed reload, in 10.823 seconds
Platform modules already initialized, skipping
Registering precompiled user dll's ...
Registered in 0.075214 seconds.
Begin MonoManager ReloadAssembly
Native extension for WindowsStandalone target not found
Refreshing native plugins compatible for Editor in 1.93 ms, found 2 plugins.
Preloading 0 native plugins for Editor in 0.00 ms.
Mono: successfully reloaded assembly
- Completed reload, in  8.524 seconds
Platform modules already initialized, skipping
========================================================================
Worker process is ready to serve import requests
Launched and connected shader compiler UnityShaderCompiler.exe after 0.55 seconds
Refreshing native plugins compatible for Editor in 1.60 ms, found 2 plugins.
Preloading 0 native plugins for Editor in 0.00 ms.
Unloading 1801 Unused Serialized files (Serialized files now loaded: 0)
System memory in use before: 98.9 MB.
System memory in use after: 98.9 MB.

Unloading 23 unused Assets to reduce memory usage. Loaded Objects now: 2259.
Total: 7.769200 ms (FindLiveObjects: 0.482400 ms CreateObjectMapping: 0.316500 ms MarkObjects: 6.751400 ms  DeleteObjects: 0.215800 ms)

========================================================================
Received Import Request.
  path: Assets/Scenes/WarScene.unity
  artifactKey: Guid(2e8589bf512b8854b91494fa4bcd8904) Importer(815301076,1909f56bfc062723c751e8b465ee728b)
Start importing Assets/Scenes/WarScene.unity using Guid(2e8589bf512b8854b91494fa4bcd8904) Importer(815301076,1909f56bfc062723c751e8b465ee728b)  -> (artifact id: '8ec26cc479fa973d89558dec77902e80') in 0.129774 seconds
  Import took 0.270815 seconds .

========================================================================
Received Import Request.
  Time since last request: 294.532498 seconds.
  path: Assets/Scenes/SampleScene/NavMesh.asset
  artifactKey: Guid(675a704c1cb4de14fb2879c8319172d9) Importer(815301076,1909f56bfc062723c751e8b465ee728b)
Start importing Assets/Scenes/SampleScene/NavMesh.asset using Guid(675a704c1cb4de14fb2879c8319172d9) Importer(815301076,1909f56bfc062723c751e8b465ee728b)  -> (artifact id: 'e89cf80e5bdffee89c60ee8e9c1d7093') in 0.544257 seconds
  Import took 0.573321 seconds .

========================================================================
Received Import Request.
  Time since last request: 1.651076 seconds.
  path: Assets/Scenes/TownScene.unity
  artifactKey: Guid(9fc0d4010bbf28b4594072e72b8655ab) Importer(815301076,1909f56bfc062723c751e8b465ee728b)
Start importing Assets/Scenes/TownScene.unity using Guid(9fc0d4010bbf28b4594072e72b8655ab) Importer(815301076,1909f56bfc062723c751e8b465ee728b)  -> (artifact id: 'b4feac53a37ff3fc06a6714ca1f7c839') in 0.088202 seconds
  Import took 0.134875 seconds .

========================================================================
Received Prepare
Registering precompiled user dll's ...
Registered in 0.100286 seconds.
Begin MonoManager ReloadAssembly
Native extension for WindowsStandalone target not found
Refreshing native plugins compatible for Editor in 1.87 ms, found 2 plugins.
Preloading 0 native plugins for Editor in 0.00 ms.
Mono: successfully reloaded assembly
- Completed reload, in  7.661 seconds
Platform modules already initialized, skipping
Refreshing native plugins compatible for Editor in 1.65 ms, found 2 plugins.
Preloading 0 native plugins for Editor in 0.00 ms.
Unloading 1793 Unused Serialized files (Serialized files now loaded: 0)
System memory in use before: 98.6 MB.
System memory in use after: 98.7 MB.

Unloading 14 unused Assets to reduce memory usage. Loaded Objects now: 2262.
Total: 3.510600 ms (FindLiveObjects: 0.318800 ms CreateObjectMapping: 0.195500 ms MarkObjects: 2.896000 ms  DeleteObjects: 0.098400 ms)

========================================================================
Received Prepare
Registering precompiled user dll's ...
Registered in 0.067625 seconds.
Begin MonoManager ReloadAssembly
Native extension for WindowsStandalone target not found
Refreshing native plugins compatible for Editor in 1.41 ms, found 2 plugins.
Preloading 0 native plugins for Editor in 0.00 ms.
Mono: successfully reloaded assembly
- Completed reload, in  7.983 seconds
Platform modules already initialized, skipping
Refreshing native plugins compatible for Editor in 0.96 ms, found 2 plugins.
Preloading 0 native plugins for Editor in 0.00 ms.
Unloading 1793 Unused Serialized files (Serialized files now loaded: 0)
System memory in use before: 98.6 MB.
System memory in use after: 98.7 MB.

Unloading 14 unused Assets to reduce memory usage. Loaded Objects now: 2265.
Total: 8.303300 ms (FindLiveObjects: 0.296200 ms CreateObjectMapping: 0.181700 ms MarkObjects: 6.725300 ms  DeleteObjects: 1.097300 ms)

========================================================================
Received Import Request.
  Time since last request: 705.056610 seconds.
  path: Assets/Scenes/TownScene.unity
  artifactKey: Guid(9fc0d4010bbf28b4594072e72b8655ab) Importer(815301076,1909f56bfc062723c751e8b465ee728b)
Start importing Assets/Scenes/TownScene.unity using Guid(9fc0d4010bbf28b4594072e72b8655ab) Importer(815301076,1909f56bfc062723c751e8b465ee728b)  -> (artifact id: '3b64706c6b3bcd22867696e118988a0d') in 0.191915 seconds
  Import took 0.207539 seconds .

AssetImportWorkerClient::OnTransportError - code=2 error=End of file
