Using pre-set license
Built from '2020.3/staging' branch; Version is '2020.3.10f1 (297d780c91bc) revision 2719096'; Using compiler version '192528614'; Build Type 'Release'
OS: 'Windows 10 Home; OS build 19042.1288; Version 2009; 64bit' Language: 'ko' Physical Memory: 8106 MB
BatchMode: 1, IsHumanControllingUs: 0, StartBugReporterOnCrash: 0, Is64bit: 1, IsPro: 0

 COMMAND LINE ARGUMENTS:
C:\Program Files\Unity\Hub\Editor\2020.3.10f1\Editor\Unity.exe
-adb2
-batchMode
-noUpm
-name
AssetImportWorker0
-projectPath
C:/Users/User/Desktop/unity/CocProject
-logFile
Logs/AssetImportWorker0.log
-srvPort
11653
Successfully changed project path to: C:/Users/User/Desktop/unity/CocProject
C:/Users/User/Desktop/unity/CocProject
Using Asset Import Pipeline V2.
Refreshing native plugins compatible for Editor in 443.72 ms, found 2 plugins.
Preloading 0 native plugins for Editor in 0.00 ms.
Initialize engine version: 2020.3.10f1 (297d780c91bc)
[Subsystems] Discovering subsystems at path C:/Program Files/Unity/Hub/Editor/2020.3.10f1/Editor/Data/Resources/UnitySubsystems
[Subsystems] Discovering subsystems at path C:/Users/User/Desktop/unity/CocProject/Assets
GfxDevice: creating device client; threaded=0
Direct3D:
    Version:  Direct3D 11.0 [level 11.1]
    Renderer: Intel(R) HD Graphics 4600 (ID=0x416)
    Vendor:   
    VRAM:     2048 MB
    Driver:   20.19.15.4483
Initialize mono
Mono path[0] = 'C:/Program Files/Unity/Hub/Editor/2020.3.10f1/Editor/Data/Managed'
Mono path[1] = 'C:/Program Files/Unity/Hub/Editor/2020.3.10f1/Editor/Data/MonoBleedingEdge/lib/mono/unityjit'
Mono config path = 'C:/Program Files/Unity/Hub/Editor/2020.3.10f1/Editor/Data/MonoBleedingEdge/etc'
Using monoOptions --debugger-agent=transport=dt_socket,embedding=1,server=y,suspend=n,address=127.0.0.1:56632
Begin MonoManager ReloadAssembly
Registering precompiled unity dll's ...
Register platform support module: C:/Program Files/Unity/Hub/Editor/2020.3.10f1/Editor/Data/PlaybackEngines/WindowsStandaloneSupport/UnityEditor.WindowsStandalone.Extensions.dll
Registered in 0.007658 seconds.
Native extension for WindowsStandalone target not found
Refreshing native plugins compatible for Editor in 135.85 ms, found 2 plugins.
Preloading 0 native plugins for Editor in 0.00 ms.
Mono: successfully reloaded assembly
- Completed reload, in  4.613 seconds
Platform modules already initialized, skipping
Registering precompiled user dll's ...
Registered in 0.022610 seconds.
Begin MonoManager ReloadAssembly
Native extension for WindowsStandalone target not found
Refreshing native plugins compatible for Editor in 0.60 ms, found 2 plugins.
Preloading 0 native plugins for Editor in 0.00 ms.
Mono: successfully reloaded assembly
- Completed reload, in  3.761 seconds
Platform modules already initialized, skipping
========================================================================
Worker process is ready to serve import requests
Launched and connected shader compiler UnityShaderCompiler.exe after 0.47 seconds
Refreshing native plugins compatible for Editor in 2.28 ms, found 2 plugins.
Preloading 0 native plugins for Editor in 0.00 ms.
Unloading 1475 Unused Serialized files (Serialized files now loaded: 0)
System memory in use before: 80.5 MB.
System memory in use after: 80.5 MB.

Unloading 23 unused Assets to reduce memory usage. Loaded Objects now: 1926.
Total: 6.061600 ms (FindLiveObjects: 0.664900 ms CreateObjectMapping: 1.761900 ms MarkObjects: 3.465800 ms  DeleteObjects: 0.165600 ms)

========================================================================
Received Import Request.
  path: Assets/Prefabs/bullet.prefab
  artifactKey: Guid(e0c587c3913dbdb488f625f1ca25eb0f) Importer(815301076,1909f56bfc062723c751e8b465ee728b)
Start importing Assets/Prefabs/bullet.prefab using Guid(e0c587c3913dbdb488f625f1ca25eb0f) Importer(815301076,1909f56bfc062723c751e8b465ee728b)  -> (artifact id: '17ee5c1f6c21edad5ed034b13904bf93') in 0.846553 seconds
  Import took 0.854958 seconds .

========================================================================
Received Import Request.
  Time since last request: 0.000728 seconds.
  path: Assets/Prefabs/wall.prefab
  artifactKey: Guid(728b01d15dce97041a95a4a634f437a1) Importer(815301076,1909f56bfc062723c751e8b465ee728b)
Start importing Assets/Prefabs/wall.prefab using Guid(728b01d15dce97041a95a4a634f437a1) Importer(815301076,1909f56bfc062723c751e8b465ee728b)  -> (artifact id: '40689051ea4e5857a2ab9ebf7600c8ea') in 0.933555 seconds
  Import took 0.941113 seconds .

========================================================================
Received Import Request.
  Time since last request: 0.000142 seconds.
  path: Assets/Prefabs/floorTile.prefab
  artifactKey: Guid(49056d56c2c30a545909e6d66796f2a7) Importer(815301076,1909f56bfc062723c751e8b465ee728b)
Start importing Assets/Prefabs/floorTile.prefab using Guid(49056d56c2c30a545909e6d66796f2a7) Importer(815301076,1909f56bfc062723c751e8b465ee728b)  -> (artifact id: '3459dea342cc30dff55915d66540e398') in 0.047708 seconds
  Import took 0.053682 seconds .

========================================================================
Received Import Request.
  Time since last request: 3.461609 seconds.
  path: Assets/Prefabs/bullet.prefab
  artifactKey: Guid(e0c587c3913dbdb488f625f1ca25eb0f) Importer(815301076,1909f56bfc062723c751e8b465ee728b)
Start importing Assets/Prefabs/bullet.prefab using Guid(e0c587c3913dbdb488f625f1ca25eb0f) Importer(815301076,1909f56bfc062723c751e8b465ee728b)  -> (artifact id: '17ee5c1f6c21edad5ed034b13904bf93') in 0.932650 seconds
  Import took 0.954543 seconds .

========================================================================
Received Prepare
Registering precompiled user dll's ...
Registered in 0.192504 seconds.
Begin MonoManager ReloadAssembly
Native extension for WindowsStandalone target not found
Refreshing native plugins compatible for Editor in 2.43 ms, found 2 plugins.
Preloading 0 native plugins for Editor in 0.00 ms.
Mono: successfully reloaded assembly
- Completed reload, in  7.426 seconds
Platform modules already initialized, skipping
Refreshing native plugins compatible for Editor in 1.43 ms, found 2 plugins.
Preloading 0 native plugins for Editor in 0.00 ms.
Unloading 1468 Unused Serialized files (Serialized files now loaded: 0)
System memory in use before: 83.4 MB.
System memory in use after: 83.5 MB.

Unloading 15 unused Assets to reduce memory usage. Loaded Objects now: 1938.
Total: 8.211300 ms (FindLiveObjects: 0.651500 ms CreateObjectMapping: 0.329900 ms MarkObjects: 7.052100 ms  DeleteObjects: 0.171700 ms)

========================================================================
Received Import Request.
  Time since last request: 178.082599 seconds.
  path: Assets/Materials/Black.mat
  artifactKey: Guid(64d373888f83b4c4fa7eebf4471da81c) Importer(815301076,1909f56bfc062723c751e8b465ee728b)
Start importing Assets/Materials/Black.mat using Guid(64d373888f83b4c4fa7eebf4471da81c) Importer(815301076,1909f56bfc062723c751e8b465ee728b)  -> (artifact id: '47bcacc67558e369fc5a86d3a6fe5e35') in 0.533300 seconds
  Import took 0.555335 seconds .

========================================================================
Received Import Request.
  Time since last request: 0.000647 seconds.
  path: Assets/Materials/lightGreen.mat
  artifactKey: Guid(c92c30731cafc94419f3769aad4508b6) Importer(815301076,1909f56bfc062723c751e8b465ee728b)
Start importing Assets/Materials/lightGreen.mat using Guid(c92c30731cafc94419f3769aad4508b6) Importer(815301076,1909f56bfc062723c751e8b465ee728b)  -> (artifact id: 'b6ebb2394b0717e8455479d9da69c361') in 0.139651 seconds
  Import took 0.155322 seconds .

========================================================================
Received Import Request.
  Time since last request: 2.374620 seconds.
  path: Assets/Prefabs/Unit/deb_Goblin01.prefab
  artifactKey: Guid(4fb88c50604405143827309e9db1f88a) Importer(815301076,1909f56bfc062723c751e8b465ee728b)
Start importing Assets/Prefabs/Unit/deb_Goblin01.prefab using Guid(4fb88c50604405143827309e9db1f88a) Importer(815301076,1909f56bfc062723c751e8b465ee728b) Asset 'deb_Goblin01': Transition 'Die01 -> Exit' in state 'Die01' doesn't have an Exit Time or any condition, transition will be ignored
UnityEngine.StackTraceUtility:ExtractStackTrace ()
UnityEditor.EditorUtility:Internal_InstantiateRemoveAllNonAnimationComponentsSingle (UnityEngine.Object,UnityEngine.Vector3,UnityEngine.Quaternion)
UnityEditor.EditorUtility:InstantiateRemoveAllNonAnimationComponents (UnityEngine.Object,UnityEngine.Vector3,UnityEngine.Quaternion)
UnityEditor.EditorUtility:InstantiateForAnimatorPreview (UnityEngine.Object)
UnityEditor.GameObjectInspector/PreviewData:UpdateGameObject (UnityEngine.Object)
UnityEditor.GameObjectInspector/PreviewData:.ctor (UnityEngine.Object)
UnityEditor.GameObjectInspector:GetPreviewData ()
UnityEditor.GameObjectInspector:RenderStaticPreview (string,UnityEngine.Object[],int,int)
UnityEditor.AssetPreviewUpdater:CreatePreviewForAsset (UnityEngine.Object,UnityEngine.Object[],string)

[C:\buildslave\unity\build\Editor/Src/Animation/StateMachine.cpp line 1847]

Asset 'deb_Goblin01': Transition 'Attack01 -> Idle01' in state 'Attack01' doesn't have an Exit Time or any condition, transition will be ignored
UnityEngine.StackTraceUtility:ExtractStackTrace ()
UnityEditor.EditorUtility:Internal_InstantiateRemoveAllNonAnimationComponentsSingle (UnityEngine.Object,UnityEngine.Vector3,UnityEngine.Quaternion)
UnityEditor.EditorUtility:InstantiateRemoveAllNonAnimationComponents (UnityEngine.Object,UnityEngine.Vector3,UnityEngine.Quaternion)
UnityEditor.EditorUtility:InstantiateForAnimatorPreview (UnityEngine.Object)
UnityEditor.GameObjectInspector/PreviewData:UpdateGameObject (UnityEngine.Object)
UnityEditor.GameObjectInspector/PreviewData:.ctor (UnityEngine.Object)
UnityEditor.GameObjectInspector:GetPreviewData ()
UnityEditor.GameObjectInspector:RenderStaticPreview (string,UnityEngine.Object[],int,int)
UnityEditor.AssetPreviewUpdater:CreatePreviewForAsset (UnityEngine.Object,UnityEngine.Object[],string)

[C:\buildslave\unity\build\Editor/Src/Animation/StateMachine.cpp line 1847]

 -> (artifact id: '17074a7153426f5f06e3e90ac33f84f6') in 2.418231 seconds
  Import took 2.456102 seconds .

========================================================================
Received Import Request.
  Time since last request: 45.671672 seconds.
  path: Assets/Prefabs/Unit/deb_Goblin01.prefab
  artifactKey: Guid(4fb88c50604405143827309e9db1f88a) Importer(815301076,1909f56bfc062723c751e8b465ee728b)
Start importing Assets/Prefabs/Unit/deb_Goblin01.prefab using Guid(4fb88c50604405143827309e9db1f88a) Importer(815301076,1909f56bfc062723c751e8b465ee728b) Asset 'deb_Goblin01': Transition 'Die01 -> Exit' in state 'Die01' doesn't have an Exit Time or any condition, transition will be ignored
UnityEngine.StackTraceUtility:ExtractStackTrace ()
UnityEditor.EditorUtility:Internal_InstantiateRemoveAllNonAnimationComponentsSingle (UnityEngine.Object,UnityEngine.Vector3,UnityEngine.Quaternion)
UnityEditor.EditorUtility:InstantiateRemoveAllNonAnimationComponents (UnityEngine.Object,UnityEngine.Vector3,UnityEngine.Quaternion)
UnityEditor.EditorUtility:InstantiateForAnimatorPreview (UnityEngine.Object)
UnityEditor.GameObjectInspector/PreviewData:UpdateGameObject (UnityEngine.Object)
UnityEditor.GameObjectInspector/PreviewData:.ctor (UnityEngine.Object)
UnityEditor.GameObjectInspector:GetPreviewData ()
UnityEditor.GameObjectInspector:RenderStaticPreview (string,UnityEngine.Object[],int,int)
UnityEditor.AssetPreviewUpdater:CreatePreviewForAsset (UnityEngine.Object,UnityEngine.Object[],string)

[C:\buildslave\unity\build\Editor/Src/Animation/StateMachine.cpp line 1847]

Asset 'deb_Goblin01': Transition 'Attack01 -> Idle01' in state 'Attack01' doesn't have an Exit Time or any condition, transition will be ignored
UnityEngine.StackTraceUtility:ExtractStackTrace ()
UnityEditor.EditorUtility:Internal_InstantiateRemoveAllNonAnimationComponentsSingle (UnityEngine.Object,UnityEngine.Vector3,UnityEngine.Quaternion)
UnityEditor.EditorUtility:InstantiateRemoveAllNonAnimationComponents (UnityEngine.Object,UnityEngine.Vector3,UnityEngine.Quaternion)
UnityEditor.EditorUtility:InstantiateForAnimatorPreview (UnityEngine.Object)
UnityEditor.GameObjectInspector/PreviewData:UpdateGameObject (UnityEngine.Object)
UnityEditor.GameObjectInspector/PreviewData:.ctor (UnityEngine.Object)
UnityEditor.GameObjectInspector:GetPreviewData ()
UnityEditor.GameObjectInspector:RenderStaticPreview (string,UnityEngine.Object[],int,int)
UnityEditor.AssetPreviewUpdater:CreatePreviewForAsset (UnityEngine.Object,UnityEngine.Object[],string)

[C:\buildslave\unity\build\Editor/Src/Animation/StateMachine.cpp line 1847]

 -> (artifact id: 'b53ba8d2dbad002ade6dc7fb1c31c776') in 2.800565 seconds
  Import took 2.809892 seconds .

========================================================================
Received Import Request.
  Time since last request: 0.137392 seconds.
  path: Assets/Prefabs/Unit/deb_Goblin01.prefab
  artifactKey: Guid(4fb88c50604405143827309e9db1f88a) Importer(815301076,1909f56bfc062723c751e8b465ee728b)
Start importing Assets/Prefabs/Unit/deb_Goblin01.prefab using Guid(4fb88c50604405143827309e9db1f88a) Importer(815301076,1909f56bfc062723c751e8b465ee728b) Asset 'deb_Goblin01': Transition 'Die01 -> Exit' in state 'Die01' doesn't have an Exit Time or any condition, transition will be ignored
UnityEngine.StackTraceUtility:ExtractStackTrace ()
UnityEditor.EditorUtility:Internal_InstantiateRemoveAllNonAnimationComponentsSingle (UnityEngine.Object,UnityEngine.Vector3,UnityEngine.Quaternion)
UnityEditor.EditorUtility:InstantiateRemoveAllNonAnimationComponents (UnityEngine.Object,UnityEngine.Vector3,UnityEngine.Quaternion)
UnityEditor.EditorUtility:InstantiateForAnimatorPreview (UnityEngine.Object)
UnityEditor.GameObjectInspector/PreviewData:UpdateGameObject (UnityEngine.Object)
UnityEditor.GameObjectInspector/PreviewData:.ctor (UnityEngine.Object)
UnityEditor.GameObjectInspector:GetPreviewData ()
UnityEditor.GameObjectInspector:RenderStaticPreview (string,UnityEngine.Object[],int,int)
UnityEditor.AssetPreviewUpdater:CreatePreviewForAsset (UnityEngine.Object,UnityEngine.Object[],string)

[C:\buildslave\unity\build\Editor/Src/Animation/StateMachine.cpp line 1847]

Asset 'deb_Goblin01': Transition 'Attack01 -> Idle01' in state 'Attack01' doesn't have an Exit Time or any condition, transition will be ignored
UnityEngine.StackTraceUtility:ExtractStackTrace ()
UnityEditor.EditorUtility:Internal_InstantiateRemoveAllNonAnimationComponentsSingle (UnityEngine.Object,UnityEngine.Vector3,UnityEngine.Quaternion)
UnityEditor.EditorUtility:InstantiateRemoveAllNonAnimationComponents (UnityEngine.Object,UnityEngine.Vector3,UnityEngine.Quaternion)
UnityEditor.EditorUtility:InstantiateForAnimatorPreview (UnityEngine.Object)
UnityEditor.GameObjectInspector/PreviewData:UpdateGameObject (UnityEngine.Object)
UnityEditor.GameObjectInspector/PreviewData:.ctor (UnityEngine.Object)
UnityEditor.GameObjectInspector:GetPreviewData ()
UnityEditor.GameObjectInspector:RenderStaticPreview (string,UnityEngine.Object[],int,int)
UnityEditor.AssetPreviewUpdater:CreatePreviewForAsset (UnityEngine.Object,UnityEngine.Object[],string)

[C:\buildslave\unity\build\Editor/Src/Animation/StateMachine.cpp line 1847]

 -> (artifact id: '328457879e61716c41c81201006585b4') in 2.410341 seconds
  Import took 2.416933 seconds .

========================================================================
Received Prepare
Registering precompiled user dll's ...
Registered in 0.019376 seconds.
Begin MonoManager ReloadAssembly
Native extension for WindowsStandalone target not found
Refreshing native plugins compatible for Editor in 0.46 ms, found 2 plugins.
Preloading 0 native plugins for Editor in 0.00 ms.
Mono: successfully reloaded assembly
- Completed reload, in  6.196 seconds
Platform modules already initialized, skipping
Refreshing native plugins compatible for Editor in 0.84 ms, found 2 plugins.
Preloading 0 native plugins for Editor in 0.00 ms.
Unloading 1468 Unused Serialized files (Serialized files now loaded: 0)
System memory in use before: 97.4 MB.
System memory in use after: 97.5 MB.

Unloading 14 unused Assets to reduce memory usage. Loaded Objects now: 1976.
Total: 4.695300 ms (FindLiveObjects: 0.418500 ms CreateObjectMapping: 0.197400 ms MarkObjects: 3.947900 ms  DeleteObjects: 0.128600 ms)

========================================================================
Received Prepare
Registering precompiled user dll's ...
Registered in 0.057253 seconds.
Begin MonoManager ReloadAssembly
Native extension for WindowsStandalone target not found
Refreshing native plugins compatible for Editor in 3.28 ms, found 2 plugins.
Preloading 0 native plugins for Editor in 0.00 ms.
Mono: successfully reloaded assembly
- Completed reload, in  7.818 seconds
Platform modules already initialized, skipping
Refreshing native plugins compatible for Editor in 1.05 ms, found 2 plugins.
Preloading 0 native plugins for Editor in 0.00 ms.
Unloading 1468 Unused Serialized files (Serialized files now loaded: 0)
System memory in use before: 97.5 MB.
System memory in use after: 97.5 MB.

Unloading 14 unused Assets to reduce memory usage. Loaded Objects now: 1979.
Total: 11.972800 ms (FindLiveObjects: 0.945700 ms CreateObjectMapping: 0.531000 ms MarkObjects: 10.363900 ms  DeleteObjects: 0.127700 ms)

========================================================================
Received Prepare
Registering precompiled user dll's ...
Registered in 0.052991 seconds.
Begin MonoManager ReloadAssembly
Native extension for WindowsStandalone target not found
Refreshing native plugins compatible for Editor in 0.79 ms, found 2 plugins.
Preloading 0 native plugins for Editor in 0.00 ms.
Mono: successfully reloaded assembly
- Completed reload, in  3.775 seconds
Platform modules already initialized, skipping
Refreshing native plugins compatible for Editor in 3.36 ms, found 2 plugins.
Preloading 0 native plugins for Editor in 0.00 ms.
Unloading 1468 Unused Serialized files (Serialized files now loaded: 0)
System memory in use before: 97.5 MB.
System memory in use after: 97.6 MB.

Unloading 14 unused Assets to reduce memory usage. Loaded Objects now: 1982.
Total: 8.319800 ms (FindLiveObjects: 1.044300 ms CreateObjectMapping: 0.788500 ms MarkObjects: 6.108400 ms  DeleteObjects: 0.371300 ms)

========================================================================
Received Prepare
Registering precompiled user dll's ...
Registered in 0.038991 seconds.
Begin MonoManager ReloadAssembly
Native extension for WindowsStandalone target not found
Refreshing native plugins compatible for Editor in 1.16 ms, found 2 plugins.
Preloading 0 native plugins for Editor in 0.00 ms.
Mono: successfully reloaded assembly
- Completed reload, in  6.689 seconds
Platform modules already initialized, skipping
Refreshing native plugins compatible for Editor in 1.42 ms, found 2 plugins.
Preloading 0 native plugins for Editor in 0.00 ms.
Unloading 1468 Unused Serialized files (Serialized files now loaded: 0)
System memory in use before: 97.5 MB.
System memory in use after: 97.6 MB.

Unloading 14 unused Assets to reduce memory usage. Loaded Objects now: 1985.
Total: 6.942700 ms (FindLiveObjects: 0.556500 ms CreateObjectMapping: 0.225600 ms MarkObjects: 5.980900 ms  DeleteObjects: 0.173900 ms)

========================================================================
Received Prepare
Registering precompiled user dll's ...
Registered in 0.040902 seconds.
Begin MonoManager ReloadAssembly
Native extension for WindowsStandalone target not found
Refreshing native plugins compatible for Editor in 1.18 ms, found 2 plugins.
Preloading 0 native plugins for Editor in 0.00 ms.
Mono: successfully reloaded assembly
- Completed reload, in  5.909 seconds
Platform modules already initialized, skipping
Refreshing native plugins compatible for Editor in 0.90 ms, found 2 plugins.
Preloading 0 native plugins for Editor in 0.00 ms.
Unloading 1468 Unused Serialized files (Serialized files now loaded: 0)
System memory in use before: 97.5 MB.
System memory in use after: 97.6 MB.

Unloading 14 unused Assets to reduce memory usage. Loaded Objects now: 1988.
Total: 9.223000 ms (FindLiveObjects: 3.511300 ms CreateObjectMapping: 0.387200 ms MarkObjects: 5.123100 ms  DeleteObjects: 0.196200 ms)

========================================================================
Received Import Request.
  Time since last request: 662.991584 seconds.
  path: Assets/Prefabs/Unit/deb_Goblin01.prefab
  artifactKey: Guid(4fb88c50604405143827309e9db1f88a) Importer(815301076,1909f56bfc062723c751e8b465ee728b)
Start importing Assets/Prefabs/Unit/deb_Goblin01.prefab using Guid(4fb88c50604405143827309e9db1f88a) Importer(815301076,1909f56bfc062723c751e8b465ee728b) Asset 'deb_Goblin01': Transition 'Die01 -> Exit' in state 'Die01' doesn't have an Exit Time or any condition, transition will be ignored
UnityEngine.StackTraceUtility:ExtractStackTrace ()
UnityEditor.EditorUtility:Internal_InstantiateRemoveAllNonAnimationComponentsSingle (UnityEngine.Object,UnityEngine.Vector3,UnityEngine.Quaternion)
UnityEditor.EditorUtility:InstantiateRemoveAllNonAnimationComponents (UnityEngine.Object,UnityEngine.Vector3,UnityEngine.Quaternion)
UnityEditor.EditorUtility:InstantiateForAnimatorPreview (UnityEngine.Object)
UnityEditor.GameObjectInspector/PreviewData:UpdateGameObject (UnityEngine.Object)
UnityEditor.GameObjectInspector/PreviewData:.ctor (UnityEngine.Object)
UnityEditor.GameObjectInspector:GetPreviewData ()
UnityEditor.GameObjectInspector:RenderStaticPreview (string,UnityEngine.Object[],int,int)
UnityEditor.AssetPreviewUpdater:CreatePreviewForAsset (UnityEngine.Object,UnityEngine.Object[],string)

[C:\buildslave\unity\build\Editor/Src/Animation/StateMachine.cpp line 1847]

Asset 'deb_Goblin01': Transition 'Attack01 -> Idle01' in state 'Attack01' doesn't have an Exit Time or any condition, transition will be ignored
UnityEngine.StackTraceUtility:ExtractStackTrace ()
UnityEditor.EditorUtility:Internal_InstantiateRemoveAllNonAnimationComponentsSingle (UnityEngine.Object,UnityEngine.Vector3,UnityEngine.Quaternion)
UnityEditor.EditorUtility:InstantiateRemoveAllNonAnimationComponents (UnityEngine.Object,UnityEngine.Vector3,UnityEngine.Quaternion)
UnityEditor.EditorUtility:InstantiateForAnimatorPreview (UnityEngine.Object)
UnityEditor.GameObjectInspector/PreviewData:UpdateGameObject (UnityEngine.Object)
UnityEditor.GameObjectInspector/PreviewData:.ctor (UnityEngine.Object)
UnityEditor.GameObjectInspector:GetPreviewData ()
UnityEditor.GameObjectInspector:RenderStaticPreview (string,UnityEngine.Object[],int,int)
UnityEditor.AssetPreviewUpdater:CreatePreviewForAsset (UnityEngine.Object,UnityEngine.Object[],string)

[C:\buildslave\unity\build\Editor/Src/Animation/StateMachine.cpp line 1847]

 -> (artifact id: 'a1f035472c95fc62b2a3cb79ce3f6d9d') in 1.544622 seconds
  Import took 1.558367 seconds .

========================================================================
Received Prepare
Registering precompiled user dll's ...
Registered in 0.036264 seconds.
Begin MonoManager ReloadAssembly
Native extension for WindowsStandalone target not found
Refreshing native plugins compatible for Editor in 0.64 ms, found 2 plugins.
Preloading 0 native plugins for Editor in 0.00 ms.
Mono: successfully reloaded assembly
- Completed reload, in  7.169 seconds
Platform modules already initialized, skipping
Refreshing native plugins compatible for Editor in 4.81 ms, found 2 plugins.
Preloading 0 native plugins for Editor in 0.00 ms.
Unloading 1468 Unused Serialized files (Serialized files now loaded: 0)
System memory in use before: 97.5 MB.
System memory in use after: 97.6 MB.

Unloading 14 unused Assets to reduce memory usage. Loaded Objects now: 1992.
Total: 5.246700 ms (FindLiveObjects: 0.320500 ms CreateObjectMapping: 0.203000 ms MarkObjects: 4.541300 ms  DeleteObjects: 0.178500 ms)

========================================================================
Received Prepare
Registering precompiled user dll's ...
Registered in 0.017469 seconds.
Begin MonoManager ReloadAssembly
Native extension for WindowsStandalone target not found
Refreshing native plugins compatible for Editor in 0.63 ms, found 2 plugins.
Preloading 0 native plugins for Editor in 0.00 ms.
Mono: successfully reloaded assembly
- Completed reload, in  6.823 seconds
Platform modules already initialized, skipping
Refreshing native plugins compatible for Editor in 0.91 ms, found 2 plugins.
Preloading 0 native plugins for Editor in 0.00 ms.
Unloading 1468 Unused Serialized files (Serialized files now loaded: 0)
System memory in use before: 97.5 MB.
System memory in use after: 97.6 MB.

Unloading 14 unused Assets to reduce memory usage. Loaded Objects now: 1995.
Total: 56.327500 ms (FindLiveObjects: 0.581300 ms CreateObjectMapping: 0.263900 ms MarkObjects: 55.217500 ms  DeleteObjects: 0.261300 ms)

========================================================================
Received Prepare
Registering precompiled user dll's ...
Registered in 0.174237 seconds.
Begin MonoManager ReloadAssembly
Native extension for WindowsStandalone target not found
Refreshing native plugins compatible for Editor in 0.54 ms, found 2 plugins.
Preloading 0 native plugins for Editor in 0.00 ms.
Mono: successfully reloaded assembly
- Completed reload, in  6.657 seconds
Platform modules already initialized, skipping
Refreshing native plugins compatible for Editor in 0.95 ms, found 2 plugins.
Preloading 0 native plugins for Editor in 0.00 ms.
Unloading 1468 Unused Serialized files (Serialized files now loaded: 0)
System memory in use before: 97.5 MB.
System memory in use after: 97.6 MB.

Unloading 14 unused Assets to reduce memory usage. Loaded Objects now: 1998.
Total: 2.924800 ms (FindLiveObjects: 0.260500 ms CreateObjectMapping: 0.137300 ms MarkObjects: 2.429100 ms  DeleteObjects: 0.096200 ms)

========================================================================
Received Prepare
Registering precompiled user dll's ...
Registered in 0.030395 seconds.
Begin MonoManager ReloadAssembly
Native extension for WindowsStandalone target not found
Refreshing native plugins compatible for Editor in 5.05 ms, found 2 plugins.
Preloading 0 native plugins for Editor in 0.00 ms.
Mono: successfully reloaded assembly
- Completed reload, in  6.422 seconds
Platform modules already initialized, skipping
Refreshing native plugins compatible for Editor in 0.48 ms, found 2 plugins.
Preloading 0 native plugins for Editor in 0.00 ms.
Unloading 1468 Unused Serialized files (Serialized files now loaded: 0)
System memory in use before: 97.5 MB.
System memory in use after: 97.6 MB.

Unloading 14 unused Assets to reduce memory usage. Loaded Objects now: 2001.
Total: 4.958500 ms (FindLiveObjects: 0.543000 ms CreateObjectMapping: 0.235700 ms MarkObjects: 4.079700 ms  DeleteObjects: 0.097400 ms)

========================================================================
Received Prepare
Registering precompiled user dll's ...
Registered in 0.041578 seconds.
Begin MonoManager ReloadAssembly
Native extension for WindowsStandalone target not found
Refreshing native plugins compatible for Editor in 0.57 ms, found 2 plugins.
Preloading 0 native plugins for Editor in 0.00 ms.
Mono: successfully reloaded assembly
- Completed reload, in  6.330 seconds
Platform modules already initialized, skipping
Refreshing native plugins compatible for Editor in 1.56 ms, found 2 plugins.
Preloading 0 native plugins for Editor in 0.00 ms.
Unloading 1468 Unused Serialized files (Serialized files now loaded: 0)
System memory in use before: 97.5 MB.
System memory in use after: 97.6 MB.

Unloading 14 unused Assets to reduce memory usage. Loaded Objects now: 2004.
Total: 7.165900 ms (FindLiveObjects: 0.744400 ms CreateObjectMapping: 0.310900 ms MarkObjects: 5.978500 ms  DeleteObjects: 0.128600 ms)

========================================================================
Received Import Request.
  Time since last request: 837.088511 seconds.
  path: Assets/Prefabs/tower/tower_defence.prefab
  artifactKey: Guid(4a0f270b107db534eb0b4b89d024a157) Importer(815301076,1909f56bfc062723c751e8b465ee728b)
Start importing Assets/Prefabs/tower/tower_defence.prefab using Guid(4a0f270b107db534eb0b4b89d024a157) Importer(815301076,1909f56bfc062723c751e8b465ee728b)  -> (artifact id: '2c17d35c14d73e6420d36df3a7220651') in 0.556893 seconds
  Import took 0.580169 seconds .

========================================================================
Received Import Request.
  Time since last request: 30.173197 seconds.
  path: Assets/Prefabs/PrefabBrush/floorTileBrush.asset
  artifactKey: Guid(99590339a9bb5994c9b8031266540e51) Importer(815301076,1909f56bfc062723c751e8b465ee728b)
Start importing Assets/Prefabs/PrefabBrush/floorTileBrush.asset using Guid(99590339a9bb5994c9b8031266540e51) Importer(815301076,1909f56bfc062723c751e8b465ee728b)  -> (artifact id: '027295dfff02dd5bfb57c1a8222080b0') in 0.207590 seconds
  Import took 0.227949 seconds .

========================================================================
Received Import Request.
  Time since last request: 0.000862 seconds.
  path: Assets/Prefabs/PrefabBrush/WallBrush.asset
  artifactKey: Guid(cc396c08de60807448dcc86429200668) Importer(815301076,1909f56bfc062723c751e8b465ee728b)
Start importing Assets/Prefabs/PrefabBrush/WallBrush.asset using Guid(cc396c08de60807448dcc86429200668) Importer(815301076,1909f56bfc062723c751e8b465ee728b)  -> (artifact id: '35a056d3682eb3ea88fca12528a80e97') in 0.220784 seconds
  Import took 0.247960 seconds .

========================================================================
Received Import Request.
  Time since last request: 47.502791 seconds.
  path: Assets/Materials
  artifactKey: Guid(eb224a9822f851742ba21eb286cdda80) Importer(815301076,1909f56bfc062723c751e8b465ee728b)
Start importing Assets/Materials using Guid(eb224a9822f851742ba21eb286cdda80) Importer(815301076,1909f56bfc062723c751e8b465ee728b)  -> (artifact id: '2a2e7d22081b3f932433bcbc7cc8447b') in 0.347561 seconds
  Import took 0.364418 seconds .

========================================================================
Received Import Request.
  Time since last request: 19.209221 seconds.
  path: Assets/Materials/Lite black.mat
  artifactKey: Guid(c6cd6217bc9c88e479e58e6808c554d9) Importer(815301076,1909f56bfc062723c751e8b465ee728b)
Start importing Assets/Materials/Lite black.mat using Guid(c6cd6217bc9c88e479e58e6808c554d9) Importer(815301076,1909f56bfc062723c751e8b465ee728b)  -> (artifact id: 'afc89f703084df7677ff50e54072076a') in 0.136483 seconds
  Import took 0.152188 seconds .

========================================================================
Received Import Request.
  Time since last request: 50.940143 seconds.
  path: Assets/Prefabs/floorTile2.prefab
  artifactKey: Guid(e3aeab9165f12c145af8d281cb800e41) Importer(815301076,1909f56bfc062723c751e8b465ee728b)
Start importing Assets/Prefabs/floorTile2.prefab using Guid(e3aeab9165f12c145af8d281cb800e41) Importer(815301076,1909f56bfc062723c751e8b465ee728b)  -> (artifact id: 'd77c4439d842b84e3c389f4b6225894d') in 0.350954 seconds
  Import took 0.458410 seconds .

========================================================================
Received Import Request.
  Time since last request: 229.215568 seconds.
  path: Assets/Prefabs/floorTile2.prefab
  artifactKey: Guid(e3aeab9165f12c145af8d281cb800e41) Importer(815301076,1909f56bfc062723c751e8b465ee728b)
Start importing Assets/Prefabs/floorTile2.prefab using Guid(e3aeab9165f12c145af8d281cb800e41) Importer(815301076,1909f56bfc062723c751e8b465ee728b)  -> (artifact id: '17dae35b6b2092ec0a71381ad0e1f067') in 0.180014 seconds
  Import took 0.192910 seconds .

========================================================================
Received Import Request.
  Time since last request: 5.729986 seconds.
  path: Assets/Prefabs/wall.prefab
  artifactKey: Guid(728b01d15dce97041a95a4a634f437a1) Importer(815301076,1909f56bfc062723c751e8b465ee728b)
Start importing Assets/Prefabs/wall.prefab using Guid(728b01d15dce97041a95a4a634f437a1) Importer(815301076,1909f56bfc062723c751e8b465ee728b)  -> (artifact id: 'beb86cf6eae1cc084c4e5e89a4acf747') in 0.185454 seconds
  Import took 0.204826 seconds .

========================================================================
Received Import Request.
  Time since last request: 198.052784 seconds.
  path: Assets/Prefabs/PrefabBrush/floorTile2Brush.asset
  artifactKey: Guid(bd280c11727f6c649ae4f16c637fbdb6) Importer(815301076,1909f56bfc062723c751e8b465ee728b)
Start importing Assets/Prefabs/PrefabBrush/floorTile2Brush.asset using Guid(bd280c11727f6c649ae4f16c637fbdb6) Importer(815301076,1909f56bfc062723c751e8b465ee728b)  -> (artifact id: 'f93f5791fb53c4538492796034c1916c') in 0.727759 seconds
  Import took 0.745103 seconds .

========================================================================
Received Import Request.
  Time since last request: 48.283120 seconds.
  path: Assets/Prefabs/PrefabBrush
  artifactKey: Guid(76104ed86f884234b9fa40ee222d67c7) Importer(815301076,1909f56bfc062723c751e8b465ee728b)
Start importing Assets/Prefabs/PrefabBrush using Guid(76104ed86f884234b9fa40ee222d67c7) Importer(815301076,1909f56bfc062723c751e8b465ee728b)  -> (artifact id: 'becaea80db24e339a09bd5251b74cac0') in 0.109744 seconds
  Import took 0.130182 seconds .

========================================================================
Received Import Request.
  Time since last request: 14.680038 seconds.
  path: Assets/Prefabs/PrefabBrush/floorTile2Brush.asset
  artifactKey: Guid(bd280c11727f6c649ae4f16c637fbdb6) Importer(815301076,1909f56bfc062723c751e8b465ee728b)
Start importing Assets/Prefabs/PrefabBrush/floorTile2Brush.asset using Guid(bd280c11727f6c649ae4f16c637fbdb6) Importer(815301076,1909f56bfc062723c751e8b465ee728b)  -> (artifact id: 'd7834f82fe004984a1a76068adb2d2c9') in 0.051835 seconds
  Import took 0.431761 seconds .

========================================================================
Received Import Request.
  Time since last request: 0.034195 seconds.
  path: Assets/Prefabs/PrefabBrush/floorTile2Brush.asset
  artifactKey: Guid(bd280c11727f6c649ae4f16c637fbdb6) Importer(815301076,1909f56bfc062723c751e8b465ee728b)
Start importing Assets/Prefabs/PrefabBrush/floorTile2Brush.asset using Guid(bd280c11727f6c649ae4f16c637fbdb6) Importer(815301076,1909f56bfc062723c751e8b465ee728b)  -> (artifact id: 'd7834f82fe004984a1a76068adb2d2c9') in 0.043751 seconds
  Import took 0.063765 seconds .

========================================================================
Received Prepare
Registering precompiled user dll's ...
Registered in 0.050001 seconds.
Begin MonoManager ReloadAssembly
Native extension for WindowsStandalone target not found
Refreshing native plugins compatible for Editor in 1.20 ms, found 2 plugins.
Preloading 0 native plugins for Editor in 0.00 ms.
Mono: successfully reloaded assembly
- Completed reload, in  7.172 seconds
Platform modules already initialized, skipping
Refreshing native plugins compatible for Editor in 3.59 ms, found 2 plugins.
Preloading 0 native plugins for Editor in 0.00 ms.
Unloading 1468 Unused Serialized files (Serialized files now loaded: 0)
System memory in use before: 97.6 MB.
System memory in use after: 97.6 MB.

Unloading 15 unused Assets to reduce memory usage. Loaded Objects now: 2008.
Total: 7.288400 ms (FindLiveObjects: 0.305700 ms CreateObjectMapping: 0.169400 ms MarkObjects: 6.397100 ms  DeleteObjects: 0.412600 ms)

========================================================================
Received Import Request.
  Time since last request: 170.609053 seconds.
  path: Assets/Prefabs/wall.prefab
  artifactKey: Guid(728b01d15dce97041a95a4a634f437a1) Importer(815301076,1909f56bfc062723c751e8b465ee728b)
Start importing Assets/Prefabs/wall.prefab using Guid(728b01d15dce97041a95a4a634f437a1) Importer(815301076,1909f56bfc062723c751e8b465ee728b)  -> (artifact id: 'c8b5761ad555bcbd9e6de839c67f5dba') in 0.200919 seconds
  Import took 0.210178 seconds .

========================================================================
Received Prepare
Registering precompiled user dll's ...
Registered in 0.066790 seconds.
Begin MonoManager ReloadAssembly
Native extension for WindowsStandalone target not found
Refreshing native plugins compatible for Editor in 0.66 ms, found 2 plugins.
Preloading 0 native plugins for Editor in 0.00 ms.
Mono: successfully reloaded assembly
- Completed reload, in  7.974 seconds
Platform modules already initialized, skipping
Refreshing native plugins compatible for Editor in 1.17 ms, found 2 plugins.
Preloading 0 native plugins for Editor in 0.00 ms.
Unloading 1468 Unused Serialized files (Serialized files now loaded: 0)
System memory in use before: 97.6 MB.
System memory in use after: 97.7 MB.

Unloading 15 unused Assets to reduce memory usage. Loaded Objects now: 2012.
Total: 9.427800 ms (FindLiveObjects: 0.593400 ms CreateObjectMapping: 0.278200 ms MarkObjects: 8.296300 ms  DeleteObjects: 0.254800 ms)

========================================================================
Received Import Request.
  Time since last request: 1116.588015 seconds.
  path: Assets/Materials/Lite black.mat
  artifactKey: Guid(c6cd6217bc9c88e479e58e6808c554d9) Importer(815301076,1909f56bfc062723c751e8b465ee728b)
Start importing Assets/Materials/Lite black.mat using Guid(c6cd6217bc9c88e479e58e6808c554d9) Importer(815301076,1909f56bfc062723c751e8b465ee728b)  -> (artifact id: '1d3b857df5e842cf560504e26685c9e1') in 0.260547 seconds
  Import took 0.271508 seconds .

========================================================================
Received Prepare
Registering precompiled user dll's ...
Registered in 0.074320 seconds.
Begin MonoManager ReloadAssembly
Native extension for WindowsStandalone target not found
Refreshing native plugins compatible for Editor in 0.84 ms, found 2 plugins.
Preloading 0 native plugins for Editor in 0.00 ms.
Mono: successfully reloaded assembly
- Completed reload, in  8.436 seconds
Platform modules already initialized, skipping
Refreshing native plugins compatible for Editor in 0.67 ms, found 2 plugins.
Preloading 0 native plugins for Editor in 0.00 ms.
Unloading 1468 Unused Serialized files (Serialized files now loaded: 0)
System memory in use before: 97.6 MB.
System memory in use after: 97.7 MB.

Unloading 14 unused Assets to reduce memory usage. Loaded Objects now: 2016.
Total: 6.933200 ms (FindLiveObjects: 0.560800 ms CreateObjectMapping: 0.164300 ms MarkObjects: 6.058500 ms  DeleteObjects: 0.146200 ms)

========================================================================
Received Prepare
Registering precompiled user dll's ...
Registered in 0.033577 seconds.
Begin MonoManager ReloadAssembly
Native extension for WindowsStandalone target not found
Refreshing native plugins compatible for Editor in 1.97 ms, found 2 plugins.
Preloading 0 native plugins for Editor in 0.00 ms.
Mono: successfully reloaded assembly
- Completed reload, in  6.937 seconds
Platform modules already initialized, skipping
Refreshing native plugins compatible for Editor in 1.25 ms, found 2 plugins.
Preloading 0 native plugins for Editor in 0.00 ms.
Unloading 1468 Unused Serialized files (Serialized files now loaded: 0)
System memory in use before: 97.6 MB.
System memory in use after: 97.7 MB.

Unloading 14 unused Assets to reduce memory usage. Loaded Objects now: 2019.
Total: 9.400700 ms (FindLiveObjects: 0.386800 ms CreateObjectMapping: 0.263100 ms MarkObjects: 8.552000 ms  DeleteObjects: 0.194800 ms)

========================================================================
Received Prepare
Registering precompiled user dll's ...
Registered in 0.049846 seconds.
Begin MonoManager ReloadAssembly
Native extension for WindowsStandalone target not found
Refreshing native plugins compatible for Editor in 1.33 ms, found 2 plugins.
Preloading 0 native plugins for Editor in 0.00 ms.
Mono: successfully reloaded assembly
- Completed reload, in  8.071 seconds
Platform modules already initialized, skipping
Refreshing native plugins compatible for Editor in 1.30 ms, found 2 plugins.
Preloading 0 native plugins for Editor in 0.00 ms.
Unloading 1468 Unused Serialized files (Serialized files now loaded: 0)
System memory in use before: 97.6 MB.
System memory in use after: 97.7 MB.

Unloading 14 unused Assets to reduce memory usage. Loaded Objects now: 2022.
Total: 5.559700 ms (FindLiveObjects: 0.353500 ms CreateObjectMapping: 0.183600 ms MarkObjects: 4.459300 ms  DeleteObjects: 0.309000 ms)

========================================================================
Received Import Request.
  Time since last request: 650.858937 seconds.
  path: Assets/Scenes/test.unity
  artifactKey: Guid(2e8589bf512b8854b91494fa4bcd8904) Importer(815301076,1909f56bfc062723c751e8b465ee728b)
Start importing Assets/Scenes/test.unity using Guid(2e8589bf512b8854b91494fa4bcd8904) Importer(815301076,1909f56bfc062723c751e8b465ee728b)  -> (artifact id: 'ae1ee8aedcd09044afab1d9d6f1cf2ed') in 0.359331 seconds
  Import took 0.377268 seconds .

========================================================================
Received Import Request.
  Time since last request: 7.404680 seconds.
  path: Assets/Prefabs/floorTile2.prefab
  artifactKey: Guid(e3aeab9165f12c145af8d281cb800e41) Importer(815301076,1909f56bfc062723c751e8b465ee728b)
Start importing Assets/Prefabs/floorTile2.prefab using Guid(e3aeab9165f12c145af8d281cb800e41) Importer(815301076,1909f56bfc062723c751e8b465ee728b)  -> (artifact id: '0a955381093c1b41d0ac6184f7fc4052') in 0.291561 seconds
  Import took 0.320519 seconds .

========================================================================
Received Import Request.
  Time since last request: 10.182892 seconds.
  path: Assets/Scenes/SampleScene.unity
  artifactKey: Guid(9fc0d4010bbf28b4594072e72b8655ab) Importer(815301076,1909f56bfc062723c751e8b465ee728b)
Start importing Assets/Scenes/SampleScene.unity using Guid(9fc0d4010bbf28b4594072e72b8655ab) Importer(815301076,1909f56bfc062723c751e8b465ee728b)  -> (artifact id: 'c0bec1ea2f45d2ee07a40a5da7f1fe09') in 0.161238 seconds
  Import took 0.180410 seconds .

========================================================================
Received Prepare
Registering precompiled user dll's ...
Registered in 0.025594 seconds.
Begin MonoManager ReloadAssembly
Native extension for WindowsStandalone target not found
Refreshing native plugins compatible for Editor in 0.63 ms, found 2 plugins.
Preloading 0 native plugins for Editor in 0.00 ms.
Mono: successfully reloaded assembly
- Completed reload, in  6.192 seconds
Platform modules already initialized, skipping
Refreshing native plugins compatible for Editor in 1.03 ms, found 2 plugins.
Preloading 0 native plugins for Editor in 0.00 ms.
Unloading 1468 Unused Serialized files (Serialized files now loaded: 0)
System memory in use before: 97.6 MB.
System memory in use after: 97.7 MB.

Unloading 14 unused Assets to reduce memory usage. Loaded Objects now: 2026.
Total: 7.561000 ms (FindLiveObjects: 0.332300 ms CreateObjectMapping: 0.178500 ms MarkObjects: 6.894400 ms  DeleteObjects: 0.152800 ms)

========================================================================
Received Prepare
Registering precompiled user dll's ...
Registered in 0.036141 seconds.
Begin MonoManager ReloadAssembly
Native extension for WindowsStandalone target not found
Refreshing native plugins compatible for Editor in 1.09 ms, found 2 plugins.
Preloading 0 native plugins for Editor in 0.00 ms.
Mono: successfully reloaded assembly
- Completed reload, in  5.403 seconds
Platform modules already initialized, skipping
Refreshing native plugins compatible for Editor in 1.13 ms, found 2 plugins.
Preloading 0 native plugins for Editor in 0.00 ms.
Unloading 1468 Unused Serialized files (Serialized files now loaded: 0)
System memory in use before: 97.6 MB.
System memory in use after: 97.7 MB.

Unloading 14 unused Assets to reduce memory usage. Loaded Objects now: 2029.
Total: 9.318600 ms (FindLiveObjects: 0.667800 ms CreateObjectMapping: 0.225700 ms MarkObjects: 8.297100 ms  DeleteObjects: 0.125400 ms)

========================================================================
Received Prepare
Registering precompiled user dll's ...
Registered in 0.059212 seconds.
Begin MonoManager ReloadAssembly
Native extension for WindowsStandalone target not found
Refreshing native plugins compatible for Editor in 1.05 ms, found 2 plugins.
Preloading 0 native plugins for Editor in 0.00 ms.
Mono: successfully reloaded assembly
- Completed reload, in  6.793 seconds
Platform modules already initialized, skipping
Refreshing native plugins compatible for Editor in 0.80 ms, found 2 plugins.
Preloading 0 native plugins for Editor in 0.00 ms.
Unloading 1468 Unused Serialized files (Serialized files now loaded: 0)
System memory in use before: 97.6 MB.
System memory in use after: 97.7 MB.

Unloading 14 unused Assets to reduce memory usage. Loaded Objects now: 2032.
Total: 4.573300 ms (FindLiveObjects: 0.456000 ms CreateObjectMapping: 0.213100 ms MarkObjects: 3.763800 ms  DeleteObjects: 0.137700 ms)

========================================================================
Received Import Request.
  Time since last request: 909.782744 seconds.
  path: Assets/Prefabs/PrefabBrush/floorTile2Brush.asset
  artifactKey: Guid(bd280c11727f6c649ae4f16c637fbdb6) Importer(815301076,1909f56bfc062723c751e8b465ee728b)
Start importing Assets/Prefabs/PrefabBrush/floorTile2Brush.asset using Guid(bd280c11727f6c649ae4f16c637fbdb6) Importer(815301076,1909f56bfc062723c751e8b465ee728b)  -> (artifact id: 'feb6e9fa332a46d92f51f30e102bf128') in 0.122059 seconds
  Import took 0.144896 seconds .

========================================================================
Received Prepare
Registering precompiled user dll's ...
Registered in 0.105930 seconds.
Begin MonoManager ReloadAssembly
Native extension for WindowsStandalone target not found
Refreshing native plugins compatible for Editor in 1.18 ms, found 2 plugins.
Preloading 0 native plugins for Editor in 0.00 ms.
Mono: successfully reloaded assembly
- Completed reload, in  6.285 seconds
Platform modules already initialized, skipping
Refreshing native plugins compatible for Editor in 1.13 ms, found 2 plugins.
Preloading 0 native plugins for Editor in 0.00 ms.
Unloading 1468 Unused Serialized files (Serialized files now loaded: 0)
System memory in use before: 97.7 MB.
System memory in use after: 97.7 MB.

Unloading 14 unused Assets to reduce memory usage. Loaded Objects now: 2035.
Total: 7.800100 ms (FindLiveObjects: 0.337500 ms CreateObjectMapping: 0.145000 ms MarkObjects: 7.125300 ms  DeleteObjects: 0.189100 ms)

========================================================================
Received Prepare
Registering precompiled user dll's ...
Registered in 0.062094 seconds.
Begin MonoManager ReloadAssembly
Native extension for WindowsStandalone target not found
Refreshing native plugins compatible for Editor in 1.22 ms, found 2 plugins.
Preloading 0 native plugins for Editor in 0.00 ms.
Mono: successfully reloaded assembly
- Completed reload, in  7.496 seconds
Platform modules already initialized, skipping
Refreshing native plugins compatible for Editor in 1.00 ms, found 2 plugins.
Preloading 0 native plugins for Editor in 0.00 ms.
Unloading 1468 Unused Serialized files (Serialized files now loaded: 0)
System memory in use before: 97.7 MB.
System memory in use after: 97.7 MB.

Unloading 14 unused Assets to reduce memory usage. Loaded Objects now: 2038.
Total: 9.626600 ms (FindLiveObjects: 0.383300 ms CreateObjectMapping: 0.196100 ms MarkObjects: 8.833400 ms  DeleteObjects: 0.210300 ms)

========================================================================
Received Import Request.
  Time since last request: 459.698487 seconds.
  path: Assets/Prefabs/wall.prefab
  artifactKey: Guid(728b01d15dce97041a95a4a634f437a1) Importer(815301076,1909f56bfc062723c751e8b465ee728b)
Start importing Assets/Prefabs/wall.prefab using Guid(728b01d15dce97041a95a4a634f437a1) Importer(815301076,1909f56bfc062723c751e8b465ee728b)  -> (artifact id: '1bd06ca5a101d6f5f078eef6d1734a4d') in 0.338296 seconds
  Import took 0.357969 seconds .

========================================================================
Received Prepare
Registering precompiled user dll's ...
Registered in 0.032027 seconds.
Begin MonoManager ReloadAssembly
Native extension for WindowsStandalone target not found
Refreshing native plugins compatible for Editor in 1.15 ms, found 2 plugins.
Preloading 0 native plugins for Editor in 0.00 ms.
Mono: successfully reloaded assembly
- Completed reload, in  7.630 seconds
Platform modules already initialized, skipping
Refreshing native plugins compatible for Editor in 0.94 ms, found 2 plugins.
Preloading 0 native plugins for Editor in 0.00 ms.
Unloading 1468 Unused Serialized files (Serialized files now loaded: 0)
System memory in use before: 97.7 MB.
System memory in use after: 97.8 MB.

Unloading 15 unused Assets to reduce memory usage. Loaded Objects now: 2042.
Total: 3.916200 ms (FindLiveObjects: 0.991500 ms CreateObjectMapping: 0.207900 ms MarkObjects: 2.618100 ms  DeleteObjects: 0.096700 ms)

========================================================================
Received Prepare
Registering precompiled user dll's ...
Registered in 0.054333 seconds.
Begin MonoManager ReloadAssembly
Native extension for WindowsStandalone target not found
Refreshing native plugins compatible for Editor in 1.19 ms, found 2 plugins.
Preloading 0 native plugins for Editor in 0.00 ms.
Mono: successfully reloaded assembly
- Completed reload, in  6.549 seconds
Platform modules already initialized, skipping
Refreshing native plugins compatible for Editor in 1.02 ms, found 2 plugins.
Preloading 0 native plugins for Editor in 0.00 ms.
Unloading 1468 Unused Serialized files (Serialized files now loaded: 0)
System memory in use before: 97.7 MB.
System memory in use after: 97.8 MB.

Unloading 14 unused Assets to reduce memory usage. Loaded Objects now: 2045.
Total: 4.555500 ms (FindLiveObjects: 0.366200 ms CreateObjectMapping: 0.172700 ms MarkObjects: 3.879500 ms  DeleteObjects: 0.134800 ms)

========================================================================
Received Import Request.
  Time since last request: 124.068521 seconds.
  path: Assets/Prefabs/wall.prefab
  artifactKey: Guid(728b01d15dce97041a95a4a634f437a1) Importer(815301076,1909f56bfc062723c751e8b465ee728b)
Start importing Assets/Prefabs/wall.prefab using Guid(728b01d15dce97041a95a4a634f437a1) Importer(815301076,1909f56bfc062723c751e8b465ee728b)  -> (artifact id: '51da0901f06c959d51ac4bacadad6728') in 0.157429 seconds
  Import took 0.172757 seconds .

========================================================================
Received Import Request.
  Time since last request: 7.747719 seconds.
  path: Assets/Prefabs/wall.prefab
  artifactKey: Guid(728b01d15dce97041a95a4a634f437a1) Importer(815301076,1909f56bfc062723c751e8b465ee728b)
Start importing Assets/Prefabs/wall.prefab using Guid(728b01d15dce97041a95a4a634f437a1) Importer(815301076,1909f56bfc062723c751e8b465ee728b)  -> (artifact id: '51da0901f06c959d51ac4bacadad6728') in 0.142811 seconds
  Import took 0.158979 seconds .

========================================================================
Received Prepare
Registering precompiled user dll's ...
Registered in 0.044750 seconds.
Begin MonoManager ReloadAssembly
Native extension for WindowsStandalone target not found
Refreshing native plugins compatible for Editor in 0.97 ms, found 2 plugins.
Preloading 0 native plugins for Editor in 0.00 ms.
Mono: successfully reloaded assembly
- Completed reload, in  7.252 seconds
Platform modules already initialized, skipping
Refreshing native plugins compatible for Editor in 0.90 ms, found 2 plugins.
Preloading 0 native plugins for Editor in 0.00 ms.
Unloading 1468 Unused Serialized files (Serialized files now loaded: 0)
System memory in use before: 97.7 MB.
System memory in use after: 97.8 MB.

Unloading 15 unused Assets to reduce memory usage. Loaded Objects now: 2049.
Total: 10.945300 ms (FindLiveObjects: 0.839500 ms CreateObjectMapping: 0.345900 ms MarkObjects: 9.570200 ms  DeleteObjects: 0.185400 ms)

========================================================================
Received Prepare
Registering precompiled user dll's ...
Registered in 0.037588 seconds.
Begin MonoManager ReloadAssembly
Native extension for WindowsStandalone target not found
Refreshing native plugins compatible for Editor in 1.20 ms, found 2 plugins.
Preloading 0 native plugins for Editor in 0.00 ms.
Mono: successfully reloaded assembly
- Completed reload, in  6.767 seconds
Platform modules already initialized, skipping
Refreshing native plugins compatible for Editor in 1.33 ms, found 2 plugins.
Preloading 0 native plugins for Editor in 0.00 ms.
Unloading 1468 Unused Serialized files (Serialized files now loaded: 0)
System memory in use before: 97.7 MB.
System memory in use after: 97.8 MB.

Unloading 14 unused Assets to reduce memory usage. Loaded Objects now: 2052.
Total: 4.994200 ms (FindLiveObjects: 0.477900 ms CreateObjectMapping: 0.210300 ms MarkObjects: 4.165000 ms  DeleteObjects: 0.137400 ms)

========================================================================
Received Import Request.
  Time since last request: 137.864292 seconds.
  path: Assets/Prefabs/wall.prefab
  artifactKey: Guid(728b01d15dce97041a95a4a634f437a1) Importer(815301076,1909f56bfc062723c751e8b465ee728b)
Start importing Assets/Prefabs/wall.prefab using Guid(728b01d15dce97041a95a4a634f437a1) Importer(815301076,1909f56bfc062723c751e8b465ee728b)  -> (artifact id: '3da319837ed6b5b4ec8e8132b3bab307') in 0.215502 seconds
  Import took 0.226186 seconds .

========================================================================
Received Import Request.
  Time since last request: 2.033119 seconds.
  path: Assets/Prefabs/wall.prefab
  artifactKey: Guid(728b01d15dce97041a95a4a634f437a1) Importer(815301076,1909f56bfc062723c751e8b465ee728b)
Start importing Assets/Prefabs/wall.prefab using Guid(728b01d15dce97041a95a4a634f437a1) Importer(815301076,1909f56bfc062723c751e8b465ee728b)  -> (artifact id: 'a1ec4de73d606578707879b44e57ae81') in 0.121717 seconds
  Import took 0.146532 seconds .

========================================================================
Received Prepare
Registering precompiled user dll's ...
Registered in 0.032614 seconds.
Begin MonoManager ReloadAssembly
Native extension for WindowsStandalone target not found
Refreshing native plugins compatible for Editor in 1.16 ms, found 2 plugins.
Preloading 0 native plugins for Editor in 0.00 ms.
Mono: successfully reloaded assembly
- Completed reload, in  6.811 seconds
Platform modules already initialized, skipping
Refreshing native plugins compatible for Editor in 0.53 ms, found 2 plugins.
Preloading 0 native plugins for Editor in 0.00 ms.
Unloading 1468 Unused Serialized files (Serialized files now loaded: 0)
System memory in use before: 97.8 MB.
System memory in use after: 97.8 MB.

Unloading 15 unused Assets to reduce memory usage. Loaded Objects now: 2056.
Total: 3.679600 ms (FindLiveObjects: 0.288000 ms CreateObjectMapping: 0.191500 ms MarkObjects: 3.081000 ms  DeleteObjects: 0.116300 ms)

========================================================================
Received Import Request.
  Time since last request: 155.596672 seconds.
  path: Assets/Prefabs/wall.prefab
  artifactKey: Guid(728b01d15dce97041a95a4a634f437a1) Importer(815301076,1909f56bfc062723c751e8b465ee728b)
Start importing Assets/Prefabs/wall.prefab using Guid(728b01d15dce97041a95a4a634f437a1) Importer(815301076,1909f56bfc062723c751e8b465ee728b)  -> (artifact id: 'e4f1198cff66fe95f570d8e668ad3575') in 0.320082 seconds
  Import took 0.355038 seconds .

========================================================================
Received Import Request.
  Time since last request: 2.149782 seconds.
  path: Assets/Prefabs/wall.prefab
  artifactKey: Guid(728b01d15dce97041a95a4a634f437a1) Importer(815301076,1909f56bfc062723c751e8b465ee728b)
Start importing Assets/Prefabs/wall.prefab using Guid(728b01d15dce97041a95a4a634f437a1) Importer(815301076,1909f56bfc062723c751e8b465ee728b)  -> (artifact id: '32b386e43622c8a92197d0fdf865f189') in 0.126098 seconds
  Import took 0.143095 seconds .

========================================================================
Received Import Request.
  Time since last request: 112.983275 seconds.
  path: Assets/Prefabs/wall.prefab
  artifactKey: Guid(728b01d15dce97041a95a4a634f437a1) Importer(815301076,1909f56bfc062723c751e8b465ee728b)
Start importing Assets/Prefabs/wall.prefab using Guid(728b01d15dce97041a95a4a634f437a1) Importer(815301076,1909f56bfc062723c751e8b465ee728b)  -> (artifact id: 'cc6a294c0739d308c7065a33eb034f40') in 0.269889 seconds
  Import took 0.292655 seconds .

========================================================================
Received Import Request.
  Time since last request: 1.716738 seconds.
  path: Assets/Prefabs/wall.prefab
  artifactKey: Guid(728b01d15dce97041a95a4a634f437a1) Importer(815301076,1909f56bfc062723c751e8b465ee728b)
Start importing Assets/Prefabs/wall.prefab using Guid(728b01d15dce97041a95a4a634f437a1) Importer(815301076,1909f56bfc062723c751e8b465ee728b)  -> (artifact id: '75511822850a0a7cf0764fadec587127') in 0.128737 seconds
  Import took 0.147406 seconds .

========================================================================
Received Import Request.
  Time since last request: 0.053141 seconds.
  path: Assets/Prefabs/wall.prefab
  artifactKey: Guid(728b01d15dce97041a95a4a634f437a1) Importer(815301076,1909f56bfc062723c751e8b465ee728b)
Start importing Assets/Prefabs/wall.prefab using Guid(728b01d15dce97041a95a4a634f437a1) Importer(815301076,1909f56bfc062723c751e8b465ee728b)  -> (artifact id: '75511822850a0a7cf0764fadec587127') in 0.201571 seconds
  Import took 0.230302 seconds .

========================================================================
Received Import Request.
  Time since last request: 3.073104 seconds.
  path: Assets/Prefabs/wall.prefab
  artifactKey: Guid(728b01d15dce97041a95a4a634f437a1) Importer(815301076,1909f56bfc062723c751e8b465ee728b)
Start importing Assets/Prefabs/wall.prefab using Guid(728b01d15dce97041a95a4a634f437a1) Importer(815301076,1909f56bfc062723c751e8b465ee728b)  -> (artifact id: '12a73724e9065a14830e02ec02ee3b76') in 0.902196 seconds
  Import took 0.929374 seconds .

========================================================================
Received Prepare
Registering precompiled user dll's ...
Registered in 0.063457 seconds.
Begin MonoManager ReloadAssembly
Native extension for WindowsStandalone target not found
Refreshing native plugins compatible for Editor in 1.03 ms, found 2 plugins.
Preloading 0 native plugins for Editor in 0.00 ms.
Mono: successfully reloaded assembly
- Completed reload, in  5.106 seconds
Platform modules already initialized, skipping
Refreshing native plugins compatible for Editor in 1.95 ms, found 2 plugins.
Preloading 0 native plugins for Editor in 0.00 ms.
Unloading 1468 Unused Serialized files (Serialized files now loaded: 0)
System memory in use before: 97.8 MB.
System memory in use after: 97.8 MB.

Unloading 15 unused Assets to reduce memory usage. Loaded Objects now: 2060.
Total: 5.941100 ms (FindLiveObjects: 0.439900 ms CreateObjectMapping: 0.226100 ms MarkObjects: 5.089700 ms  DeleteObjects: 0.182200 ms)

========================================================================
Received Prepare
Registering precompiled user dll's ...
Registered in 0.041849 seconds.
Begin MonoManager ReloadAssembly
Native extension for WindowsStandalone target not found
Refreshing native plugins compatible for Editor in 1.38 ms, found 2 plugins.
Preloading 0 native plugins for Editor in 0.00 ms.
Mono: successfully reloaded assembly
- Completed reload, in  5.209 seconds
Platform modules already initialized, skipping
Refreshing native plugins compatible for Editor in 0.96 ms, found 2 plugins.
Preloading 0 native plugins for Editor in 0.00 ms.
Unloading 1468 Unused Serialized files (Serialized files now loaded: 0)
System memory in use before: 97.8 MB.
System memory in use after: 97.9 MB.

Unloading 14 unused Assets to reduce memory usage. Loaded Objects now: 2063.
Total: 3.812100 ms (FindLiveObjects: 0.252900 ms CreateObjectMapping: 0.099800 ms MarkObjects: 3.301400 ms  DeleteObjects: 0.155300 ms)

========================================================================
Received Prepare
Registering precompiled user dll's ...
Registered in 0.049831 seconds.
Begin MonoManager ReloadAssembly
Native extension for WindowsStandalone target not found
Refreshing native plugins compatible for Editor in 1.19 ms, found 2 plugins.
Preloading 0 native plugins for Editor in 0.00 ms.
Mono: successfully reloaded assembly
- Completed reload, in  6.526 seconds
Platform modules already initialized, skipping
Refreshing native plugins compatible for Editor in 1.40 ms, found 2 plugins.
Preloading 0 native plugins for Editor in 0.00 ms.
Unloading 1468 Unused Serialized files (Serialized files now loaded: 0)
System memory in use before: 97.8 MB.
System memory in use after: 97.9 MB.

Unloading 14 unused Assets to reduce memory usage. Loaded Objects now: 2066.
Total: 6.961000 ms (FindLiveObjects: 0.472400 ms CreateObjectMapping: 0.249100 ms MarkObjects: 6.033500 ms  DeleteObjects: 0.201900 ms)

========================================================================
Received Prepare
Registering precompiled user dll's ...
Registered in 0.033738 seconds.
Begin MonoManager ReloadAssembly
Native extension for WindowsStandalone target not found
Refreshing native plugins compatible for Editor in 0.68 ms, found 2 plugins.
Preloading 0 native plugins for Editor in 0.00 ms.
Mono: successfully reloaded assembly
- Completed reload, in  4.787 seconds
Platform modules already initialized, skipping
Refreshing native plugins compatible for Editor in 0.83 ms, found 2 plugins.
Preloading 0 native plugins for Editor in 0.00 ms.
Unloading 1468 Unused Serialized files (Serialized files now loaded: 0)
System memory in use before: 97.8 MB.
System memory in use after: 97.9 MB.

Unloading 14 unused Assets to reduce memory usage. Loaded Objects now: 2069.
Total: 3.589200 ms (FindLiveObjects: 0.286500 ms CreateObjectMapping: 0.149500 ms MarkObjects: 2.921200 ms  DeleteObjects: 0.229500 ms)

========================================================================
Received Prepare
Registering precompiled user dll's ...
Registered in 0.060244 seconds.
Begin MonoManager ReloadAssembly
Native extension for WindowsStandalone target not found
Refreshing native plugins compatible for Editor in 0.53 ms, found 2 plugins.
Preloading 0 native plugins for Editor in 0.00 ms.
Mono: successfully reloaded assembly
- Completed reload, in  5.948 seconds
Platform modules already initialized, skipping
Refreshing native plugins compatible for Editor in 0.81 ms, found 2 plugins.
Preloading 0 native plugins for Editor in 0.00 ms.
Unloading 1468 Unused Serialized files (Serialized files now loaded: 0)
System memory in use before: 97.8 MB.
System memory in use after: 97.9 MB.

Unloading 14 unused Assets to reduce memory usage. Loaded Objects now: 2072.
Total: 4.742400 ms (FindLiveObjects: 0.264400 ms CreateObjectMapping: 0.143700 ms MarkObjects: 4.162000 ms  DeleteObjects: 0.169500 ms)

========================================================================
Received Prepare
Registering precompiled user dll's ...
Registered in 0.100920 seconds.
Begin MonoManager ReloadAssembly
Native extension for WindowsStandalone target not found
Refreshing native plugins compatible for Editor in 1.11 ms, found 2 plugins.
Preloading 0 native plugins for Editor in 0.00 ms.
Mono: successfully reloaded assembly
- Completed reload, in  7.361 seconds
Platform modules already initialized, skipping
Refreshing native plugins compatible for Editor in 1.14 ms, found 2 plugins.
Preloading 0 native plugins for Editor in 0.00 ms.
Unloading 1468 Unused Serialized files (Serialized files now loaded: 0)
System memory in use before: 97.8 MB.
System memory in use after: 97.9 MB.

Unloading 14 unused Assets to reduce memory usage. Loaded Objects now: 2075.
Total: 6.682600 ms (FindLiveObjects: 0.914500 ms CreateObjectMapping: 0.225300 ms MarkObjects: 5.374200 ms  DeleteObjects: 0.164700 ms)

========================================================================
Received Import Request.
  Time since last request: 1411.608060 seconds.
  path: Assets/Prefabs/wall.prefab
  artifactKey: Guid(728b01d15dce97041a95a4a634f437a1) Importer(815301076,1909f56bfc062723c751e8b465ee728b)
Start importing Assets/Prefabs/wall.prefab using Guid(728b01d15dce97041a95a4a634f437a1) Importer(815301076,1909f56bfc062723c751e8b465ee728b)  -> (artifact id: '6bad8460547caab17bfac8aaca098bbf') in 0.224220 seconds
  Import took 0.241322 seconds .

========================================================================
Received Import Request.
  Time since last request: 29.315052 seconds.
  path: Assets/Prefabs/wall.prefab
  artifactKey: Guid(728b01d15dce97041a95a4a634f437a1) Importer(815301076,1909f56bfc062723c751e8b465ee728b)
Start importing Assets/Prefabs/wall.prefab using Guid(728b01d15dce97041a95a4a634f437a1) Importer(815301076,1909f56bfc062723c751e8b465ee728b)  -> (artifact id: 'be63e6f151392bc0ab0e301091964dbc') in 0.202630 seconds
  Import took 0.215257 seconds .

========================================================================
Received Import Request.
  Time since last request: 1.249880 seconds.
  path: Assets/Prefabs/wall.prefab
  artifactKey: Guid(728b01d15dce97041a95a4a634f437a1) Importer(815301076,1909f56bfc062723c751e8b465ee728b)
Start importing Assets/Prefabs/wall.prefab using Guid(728b01d15dce97041a95a4a634f437a1) Importer(815301076,1909f56bfc062723c751e8b465ee728b)  -> (artifact id: 'da612bdc87345eccb80d75a7e8f92fd1') in 0.137530 seconds
  Import took 0.165062 seconds .

========================================================================
Received Import Request.
  Time since last request: 0.677509 seconds.
  path: Assets/Prefabs/wall.prefab
  artifactKey: Guid(728b01d15dce97041a95a4a634f437a1) Importer(815301076,1909f56bfc062723c751e8b465ee728b)
Start importing Assets/Prefabs/wall.prefab using Guid(728b01d15dce97041a95a4a634f437a1) Importer(815301076,1909f56bfc062723c751e8b465ee728b)  -> (artifact id: '36f80d135f762e158ea2226673e23537') in 0.139721 seconds
  Import took 0.180812 seconds .

========================================================================
Received Import Request.
  Time since last request: 440.678598 seconds.
  path: Assets/Prefabs/wall.prefab
  artifactKey: Guid(728b01d15dce97041a95a4a634f437a1) Importer(815301076,1909f56bfc062723c751e8b465ee728b)
Start importing Assets/Prefabs/wall.prefab using Guid(728b01d15dce97041a95a4a634f437a1) Importer(815301076,1909f56bfc062723c751e8b465ee728b)  -> (artifact id: 'f71df12c8275357ab1b3a5ec6390d1ee') in 0.142761 seconds
  Import took 0.159278 seconds .

========================================================================
Received Prepare
Registering precompiled user dll's ...
Registered in 0.039189 seconds.
Begin MonoManager ReloadAssembly
Native extension for WindowsStandalone target not found
Refreshing native plugins compatible for Editor in 1.14 ms, found 2 plugins.
Preloading 0 native plugins for Editor in 0.00 ms.
Mono: successfully reloaded assembly
- Completed reload, in 10.315 seconds
Platform modules already initialized, skipping
Refreshing native plugins compatible for Editor in 0.78 ms, found 2 plugins.
Preloading 0 native plugins for Editor in 0.00 ms.
Unloading 1468 Unused Serialized files (Serialized files now loaded: 0)
System memory in use before: 97.8 MB.
System memory in use after: 97.9 MB.

Unloading 15 unused Assets to reduce memory usage. Loaded Objects now: 2079.
Total: 11.556100 ms (FindLiveObjects: 1.041700 ms CreateObjectMapping: 1.179200 ms MarkObjects: 9.213800 ms  DeleteObjects: 0.118000 ms)

========================================================================
Received Prepare
Registering precompiled user dll's ...
Registered in 0.035718 seconds.
Begin MonoManager ReloadAssembly
Native extension for WindowsStandalone target not found
Refreshing native plugins compatible for Editor in 0.66 ms, found 2 plugins.
Preloading 0 native plugins for Editor in 0.00 ms.
Mono: successfully reloaded assembly
- Completed reload, in  6.782 seconds
Platform modules already initialized, skipping
Refreshing native plugins compatible for Editor in 1.05 ms, found 2 plugins.
Preloading 0 native plugins for Editor in 0.00 ms.
Unloading 1468 Unused Serialized files (Serialized files now loaded: 0)
System memory in use before: 97.8 MB.
System memory in use after: 97.9 MB.

Unloading 14 unused Assets to reduce memory usage. Loaded Objects now: 2082.
Total: 6.453000 ms (FindLiveObjects: 0.610800 ms CreateObjectMapping: 0.280900 ms MarkObjects: 5.372100 ms  DeleteObjects: 0.186100 ms)

AssetImportWorkerClient::OnTransportError - code=2 error=End of file
