Using pre-set license
Built from '2020.3/staging' branch; Version is '2020.3.10f1 (297d780c91bc) revision 2719096'; Using compiler version '192528614'; Build Type 'Release'
OS: 'Windows 10 Home; OS build 19042.1348; Version 2009; 64bit' Language: 'ko' Physical Memory: 8106 MB
BatchMode: 1, IsHumanControllingUs: 0, StartBugReporterOnCrash: 0, Is64bit: 1, IsPro: 0

 COMMAND LINE ARGUMENTS:
C:\Program Files\Unity\Hub\Editor\2020.3.10f1\Editor\Unity.exe
-adb2
-batchMode
-noUpm
-name
AssetImportWorker2
-projectPath
C:/Users/User/Desktop/unity/Coc2
-logFile
Logs/AssetImportWorker2.log
-srvPort
14151
Successfully changed project path to: C:/Users/User/Desktop/unity/Coc2
C:/Users/User/Desktop/unity/Coc2
Using Asset Import Pipeline V2.
Refreshing native plugins compatible for Editor in 336.65 ms, found 2 plugins.
Preloading 0 native plugins for Editor in 0.00 ms.
Initialize engine version: 2020.3.10f1 (297d780c91bc)
[Subsystems] Discovering subsystems at path C:/Program Files/Unity/Hub/Editor/2020.3.10f1/Editor/Data/Resources/UnitySubsystems
[Subsystems] Discovering subsystems at path C:/Users/User/Desktop/unity/Coc2/Assets
GfxDevice: creating device client; threaded=0
Direct3D:
    Version:  Direct3D 11.0 [level 11.1]
    Renderer: Intel(R) HD Graphics 4600 (ID=0x416)
    Vendor:   
    VRAM:     2048 MB
    Driver:   20.19.15.4483
Initialize mono
Mono path[0] = 'C:/Program Files/Unity/Hub/Editor/2020.3.10f1/Editor/Data/Managed'
Mono path[1] = 'C:/Program Files/Unity/Hub/Editor/2020.3.10f1/Editor/Data/MonoBleedingEdge/lib/mono/unityjit'
Mono config path = 'C:/Program Files/Unity/Hub/Editor/2020.3.10f1/Editor/Data/MonoBleedingEdge/etc'
Using monoOptions --debugger-agent=transport=dt_socket,embedding=1,server=y,suspend=n,address=127.0.0.1:56928
Begin MonoManager ReloadAssembly
Registering precompiled unity dll's ...
Register platform support module: C:/Program Files/Unity/Hub/Editor/2020.3.10f1/Editor/Data/PlaybackEngines/WindowsStandaloneSupport/UnityEditor.WindowsStandalone.Extensions.dll
Registered in 0.045065 seconds.
Native extension for WindowsStandalone target not found
Refreshing native plugins compatible for Editor in 158.33 ms, found 2 plugins.
Preloading 0 native plugins for Editor in 0.00 ms.
Mono: successfully reloaded assembly
- Completed reload, in 10.245 seconds
Platform modules already initialized, skipping
Registering precompiled user dll's ...
Registered in 0.069834 seconds.
Begin MonoManager ReloadAssembly
Native extension for WindowsStandalone target not found
Refreshing native plugins compatible for Editor in 1.61 ms, found 2 plugins.
Preloading 0 native plugins for Editor in 0.00 ms.
Mono: successfully reloaded assembly
- Completed reload, in  7.027 seconds
Platform modules already initialized, skipping
========================================================================
Worker process is ready to serve import requests
Launched and connected shader compiler UnityShaderCompiler.exe after 1.11 seconds
Refreshing native plugins compatible for Editor in 1.27 ms, found 2 plugins.
Preloading 0 native plugins for Editor in 0.00 ms.
Unloading 1807 Unused Serialized files (Serialized files now loaded: 0)
System memory in use before: 99.1 MB.
System memory in use after: 99.1 MB.

Unloading 23 unused Assets to reduce memory usage. Loaded Objects now: 2265.
Total: 5.003400 ms (FindLiveObjects: 0.453300 ms CreateObjectMapping: 0.184100 ms MarkObjects: 4.206700 ms  DeleteObjects: 0.156200 ms)

========================================================================
Received Import Request.
  path: Assets/Prefabs/wallTile.prefab
  artifactKey: Guid(eaacf0c66f7673b4fa1f1fb50810174c) Importer(815301076,1909f56bfc062723c751e8b465ee728b)
Start importing Assets/Prefabs/wallTile.prefab using Guid(eaacf0c66f7673b4fa1f1fb50810174c) Importer(815301076,1909f56bfc062723c751e8b465ee728b)  -> (artifact id: '2315b086915b8f5857b45b6cc87d05b7') in 0.437335 seconds
  Import took 0.444955 seconds .

========================================================================
Received Import Request.
  Time since last request: 0.000991 seconds.
  path: Assets/Prefabs/EmptySlot.prefab
  artifactKey: Guid(67484ada3d1e68a4d915a285948e82f5) Importer(815301076,1909f56bfc062723c751e8b465ee728b)
Start importing Assets/Prefabs/EmptySlot.prefab using Guid(67484ada3d1e68a4d915a285948e82f5) Importer(815301076,1909f56bfc062723c751e8b465ee728b)  -> (artifact id: 'd8641b37b90680e0e6989a9cdfc179fe') in 0.038413 seconds
  Import took 0.045605 seconds .

========================================================================
Received Import Request.
  Time since last request: 0.000601 seconds.
  path: Assets/Prefabs/Slot.prefab
  artifactKey: Guid(760d3b7328fb71a47a040895ae00724d) Importer(815301076,1909f56bfc062723c751e8b465ee728b)
Start importing Assets/Prefabs/Slot.prefab using Guid(760d3b7328fb71a47a040895ae00724d) Importer(815301076,1909f56bfc062723c751e8b465ee728b)  -> (artifact id: '3de3fa812ce822abfdacf0cfedc9bb2f') in 0.059606 seconds
  Import took 0.074347 seconds .

========================================================================
Received Import Request.
  Time since last request: 87.941312 seconds.
  path: Assets/Prefabs/floorTile.prefab
  artifactKey: Guid(49056d56c2c30a545909e6d66796f2a7) Importer(815301076,1909f56bfc062723c751e8b465ee728b)
Start importing Assets/Prefabs/floorTile.prefab using Guid(49056d56c2c30a545909e6d66796f2a7) Importer(815301076,1909f56bfc062723c751e8b465ee728b)  -> (artifact id: '584e75ec3ce7589a3b56667bd59e5490') in 0.295526 seconds
  Import took 0.320164 seconds .

========================================================================
Received Import Request.
  Time since last request: 0.111921 seconds.
  path: Assets/Prefabs/floorTile.prefab
  artifactKey: Guid(49056d56c2c30a545909e6d66796f2a7) Importer(815301076,1909f56bfc062723c751e8b465ee728b)
Start importing Assets/Prefabs/floorTile.prefab using Guid(49056d56c2c30a545909e6d66796f2a7) Importer(815301076,1909f56bfc062723c751e8b465ee728b)  -> (artifact id: '584e75ec3ce7589a3b56667bd59e5490') in 0.563099 seconds
  Import took 0.592084 seconds .

========================================================================
Received Prepare
Registering precompiled user dll's ...
Registered in 0.031920 seconds.
Begin MonoManager ReloadAssembly
Native extension for WindowsStandalone target not found
Refreshing native plugins compatible for Editor in 0.79 ms, found 2 plugins.
Preloading 0 native plugins for Editor in 0.00 ms.
Mono: successfully reloaded assembly
- Completed reload, in  6.628 seconds
Platform modules already initialized, skipping
Refreshing native plugins compatible for Editor in 1.71 ms, found 2 plugins.
Preloading 0 native plugins for Editor in 0.00 ms.
Unloading 1799 Unused Serialized files (Serialized files now loaded: 0)
System memory in use before: 101.9 MB.
System memory in use after: 102.0 MB.

Unloading 14 unused Assets to reduce memory usage. Loaded Objects now: 2278.
Total: 9.136300 ms (FindLiveObjects: 0.643900 ms CreateObjectMapping: 0.432000 ms MarkObjects: 7.833300 ms  DeleteObjects: 0.221700 ms)

========================================================================
Received Prepare
Registering precompiled user dll's ...
Registered in 0.030272 seconds.
Begin MonoManager ReloadAssembly
Native extension for WindowsStandalone target not found
Refreshing native plugins compatible for Editor in 1.39 ms, found 2 plugins.
Preloading 0 native plugins for Editor in 0.00 ms.
Mono: successfully reloaded assembly
- Completed reload, in  6.191 seconds
Platform modules already initialized, skipping
Refreshing native plugins compatible for Editor in 0.94 ms, found 2 plugins.
Preloading 0 native plugins for Editor in 0.00 ms.
Unloading 1799 Unused Serialized files (Serialized files now loaded: 0)
System memory in use before: 101.9 MB.
System memory in use after: 102.0 MB.

Unloading 14 unused Assets to reduce memory usage. Loaded Objects now: 2281.
Total: 4.784700 ms (FindLiveObjects: 0.273800 ms CreateObjectMapping: 0.179700 ms MarkObjects: 4.219800 ms  DeleteObjects: 0.108600 ms)

========================================================================
Received Import Request.
  Time since last request: 146.587107 seconds.
  path: Assets/Scenes/WarScene 2.unity
  artifactKey: Guid(ff1596d66e6769f4e89c89a5389e39fd) Importer(815301076,1909f56bfc062723c751e8b465ee728b)
Start importing Assets/Scenes/WarScene 2.unity using Guid(ff1596d66e6769f4e89c89a5389e39fd) Importer(815301076,1909f56bfc062723c751e8b465ee728b)  -> (artifact id: '6f0f1e0383ec95a4d5201323047164a6') in 0.163805 seconds
  Import took 0.192099 seconds .

========================================================================
Received Prepare
Registering precompiled user dll's ...
Registered in 0.062839 seconds.
Begin MonoManager ReloadAssembly
Native extension for WindowsStandalone target not found
Refreshing native plugins compatible for Editor in 0.91 ms, found 2 plugins.
Preloading 0 native plugins for Editor in 0.00 ms.
Mono: successfully reloaded assembly
- Completed reload, in  6.101 seconds
Platform modules already initialized, skipping
Refreshing native plugins compatible for Editor in 0.83 ms, found 2 plugins.
Preloading 0 native plugins for Editor in 0.00 ms.
Unloading 1799 Unused Serialized files (Serialized files now loaded: 0)
System memory in use before: 102.0 MB.
System memory in use after: 102.1 MB.

Unloading 14 unused Assets to reduce memory usage. Loaded Objects now: 2284.
Total: 6.322400 ms (FindLiveObjects: 1.569600 ms CreateObjectMapping: 0.302400 ms MarkObjects: 4.302400 ms  DeleteObjects: 0.124300 ms)

========================================================================
Received Import Request.
  Time since last request: 27.344765 seconds.
  path: Assets/Scenes/WarScene 2.unity
  artifactKey: Guid(ff1596d66e6769f4e89c89a5389e39fd) Importer(815301076,1909f56bfc062723c751e8b465ee728b)
Start importing Assets/Scenes/WarScene 2.unity using Guid(ff1596d66e6769f4e89c89a5389e39fd) Importer(815301076,1909f56bfc062723c751e8b465ee728b)  -> (artifact id: 'e3907ded9ac518725141e5570b11b37e') in 0.050084 seconds
  Import took 0.065711 seconds .

========================================================================
Received Import Request.
  Time since last request: 0.000747 seconds.
  path: Assets/Scenes/WarScene 1.unity
  artifactKey: Guid(c3170e287d9b4b64cab349ef52a04849) Importer(815301076,1909f56bfc062723c751e8b465ee728b)
Start importing Assets/Scenes/WarScene 1.unity using Guid(c3170e287d9b4b64cab349ef52a04849) Importer(815301076,1909f56bfc062723c751e8b465ee728b)  -> (artifact id: '4945259e714dadce02680ff6e88a9d19') in 0.044987 seconds
  Import took 0.054690 seconds .

========================================================================
Received Prepare
Registering precompiled user dll's ...
Registered in 0.072384 seconds.
Begin MonoManager ReloadAssembly
Native extension for WindowsStandalone target not found
Refreshing native plugins compatible for Editor in 1.08 ms, found 2 plugins.
Preloading 0 native plugins for Editor in 0.00 ms.
Mono: successfully reloaded assembly
- Completed reload, in  6.673 seconds
Platform modules already initialized, skipping
Refreshing native plugins compatible for Editor in 0.86 ms, found 2 plugins.
Preloading 0 native plugins for Editor in 0.00 ms.
Unloading 1799 Unused Serialized files (Serialized files now loaded: 0)
System memory in use before: 102.0 MB.
System memory in use after: 102.1 MB.

Unloading 14 unused Assets to reduce memory usage. Loaded Objects now: 2287.
Total: 4.387400 ms (FindLiveObjects: 0.310800 ms CreateObjectMapping: 0.180200 ms MarkObjects: 3.783600 ms  DeleteObjects: 0.111000 ms)

========================================================================
Received Prepare
Registering precompiled user dll's ...
Registered in 0.123592 seconds.
Begin MonoManager ReloadAssembly
Native extension for WindowsStandalone target not found
Refreshing native plugins compatible for Editor in 0.78 ms, found 2 plugins.
Preloading 0 native plugins for Editor in 0.00 ms.
Mono: successfully reloaded assembly
- Completed reload, in  5.898 seconds
Platform modules already initialized, skipping
Refreshing native plugins compatible for Editor in 0.94 ms, found 2 plugins.
Preloading 0 native plugins for Editor in 0.00 ms.
Unloading 1799 Unused Serialized files (Serialized files now loaded: 0)
System memory in use before: 102.0 MB.
System memory in use after: 102.1 MB.

Unloading 14 unused Assets to reduce memory usage. Loaded Objects now: 2290.
Total: 4.557700 ms (FindLiveObjects: 0.325800 ms CreateObjectMapping: 0.192900 ms MarkObjects: 3.932900 ms  DeleteObjects: 0.103800 ms)

========================================================================
Received Import Request.
  Time since last request: 251.513250 seconds.
  path: Assets/Scenes/WarScene 2.unity
  artifactKey: Guid(ff1596d66e6769f4e89c89a5389e39fd) Importer(815301076,1909f56bfc062723c751e8b465ee728b)
Start importing Assets/Scenes/WarScene 2.unity using Guid(ff1596d66e6769f4e89c89a5389e39fd) Importer(815301076,1909f56bfc062723c751e8b465ee728b)  -> (artifact id: 'd85dc0e321ab16c5deb5bb3bb8dd7d94') in 0.234605 seconds
  Import took 0.276438 seconds .

========================================================================
Received Prepare
Registering precompiled user dll's ...
Registered in 0.074096 seconds.
Begin MonoManager ReloadAssembly
Native extension for WindowsStandalone target not found
Refreshing native plugins compatible for Editor in 1.37 ms, found 2 plugins.
Preloading 0 native plugins for Editor in 0.00 ms.
Mono: successfully reloaded assembly
- Completed reload, in  6.815 seconds
Platform modules already initialized, skipping
Refreshing native plugins compatible for Editor in 1.44 ms, found 2 plugins.
Preloading 0 native plugins for Editor in 0.00 ms.
Unloading 1799 Unused Serialized files (Serialized files now loaded: 0)
System memory in use before: 102.0 MB.
System memory in use after: 102.1 MB.

Unloading 14 unused Assets to reduce memory usage. Loaded Objects now: 2293.
Total: 4.679600 ms (FindLiveObjects: 0.287300 ms CreateObjectMapping: 0.118700 ms MarkObjects: 4.118700 ms  DeleteObjects: 0.145600 ms)

========================================================================
Received Import Request.
  Time since last request: 129.573934 seconds.
  path: Assets/Scenes/WarScene 2.unity
  artifactKey: Guid(ff1596d66e6769f4e89c89a5389e39fd) Importer(815301076,1909f56bfc062723c751e8b465ee728b)
Start importing Assets/Scenes/WarScene 2.unity using Guid(ff1596d66e6769f4e89c89a5389e39fd) Importer(815301076,1909f56bfc062723c751e8b465ee728b)  -> (artifact id: '5f5d8723b31adea9b84b2a34b4f3aaaa') in 0.202917 seconds
  Import took 0.218485 seconds .

========================================================================
Received Prepare
Registering precompiled user dll's ...
Registered in 0.057729 seconds.
Begin MonoManager ReloadAssembly
Native extension for WindowsStandalone target not found
Refreshing native plugins compatible for Editor in 1.95 ms, found 2 plugins.
Preloading 0 native plugins for Editor in 0.00 ms.
Mono: successfully reloaded assembly
- Completed reload, in  6.445 seconds
Platform modules already initialized, skipping
Refreshing native plugins compatible for Editor in 1.10 ms, found 2 plugins.
Preloading 0 native plugins for Editor in 0.00 ms.
Unloading 1799 Unused Serialized files (Serialized files now loaded: 0)
System memory in use before: 102.0 MB.
System memory in use after: 102.1 MB.

Unloading 14 unused Assets to reduce memory usage. Loaded Objects now: 2296.
Total: 7.786400 ms (FindLiveObjects: 0.565000 ms CreateObjectMapping: 0.280500 ms MarkObjects: 6.799800 ms  DeleteObjects: 0.138200 ms)

========================================================================
Received Prepare
Registering precompiled user dll's ...
Registered in 0.036072 seconds.
Begin MonoManager ReloadAssembly
Native extension for WindowsStandalone target not found
Refreshing native plugins compatible for Editor in 1.44 ms, found 2 plugins.
Preloading 0 native plugins for Editor in 0.00 ms.
Mono: successfully reloaded assembly
- Completed reload, in  6.483 seconds
Platform modules already initialized, skipping
Refreshing native plugins compatible for Editor in 1.22 ms, found 2 plugins.
Preloading 0 native plugins for Editor in 0.00 ms.
Unloading 1799 Unused Serialized files (Serialized files now loaded: 0)
System memory in use before: 102.0 MB.
System memory in use after: 102.1 MB.

Unloading 14 unused Assets to reduce memory usage. Loaded Objects now: 2299.
Total: 8.097900 ms (FindLiveObjects: 0.719600 ms CreateObjectMapping: 0.368800 ms MarkObjects: 6.785600 ms  DeleteObjects: 0.220300 ms)

========================================================================
Received Prepare
Registering precompiled user dll's ...
Registered in 0.019847 seconds.
Begin MonoManager ReloadAssembly
Native extension for WindowsStandalone target not found
Refreshing native plugins compatible for Editor in 3.14 ms, found 2 plugins.
Preloading 0 native plugins for Editor in 0.00 ms.
Mono: successfully reloaded assembly
- Completed reload, in 12.228 seconds
Platform modules already initialized, skipping
Refreshing native plugins compatible for Editor in 0.86 ms, found 2 plugins.
Preloading 0 native plugins for Editor in 0.00 ms.
Unloading 1799 Unused Serialized files (Serialized files now loaded: 0)
System memory in use before: 102.1 MB.
System memory in use after: 102.1 MB.

Unloading 14 unused Assets to reduce memory usage. Loaded Objects now: 2302.
Total: 7.539600 ms (FindLiveObjects: 0.578800 ms CreateObjectMapping: 1.049100 ms MarkObjects: 5.763500 ms  DeleteObjects: 0.143300 ms)

========================================================================
Received Prepare
Registering precompiled user dll's ...
Registered in 0.038836 seconds.
Begin MonoManager ReloadAssembly
Native extension for WindowsStandalone target not found
Refreshing native plugins compatible for Editor in 0.85 ms, found 2 plugins.
Preloading 0 native plugins for Editor in 0.00 ms.
Mono: successfully reloaded assembly
- Completed reload, in  2.381 seconds
Platform modules already initialized, skipping
Refreshing native plugins compatible for Editor in 1.19 ms, found 2 plugins.
Preloading 0 native plugins for Editor in 0.00 ms.
Unloading 1799 Unused Serialized files (Serialized files now loaded: 0)
System memory in use before: 102.1 MB.
System memory in use after: 102.1 MB.

Unloading 14 unused Assets to reduce memory usage. Loaded Objects now: 2305.
Total: 7.954900 ms (FindLiveObjects: 0.650100 ms CreateObjectMapping: 0.269600 ms MarkObjects: 6.845200 ms  DeleteObjects: 0.186600 ms)

========================================================================
Received Prepare
Registering precompiled user dll's ...
Registered in 0.016696 seconds.
Begin MonoManager ReloadAssembly
Native extension for WindowsStandalone target not found
Refreshing native plugins compatible for Editor in 1.38 ms, found 2 plugins.
Preloading 0 native plugins for Editor in 0.00 ms.
Mono: successfully reloaded assembly
- Completed reload, in  5.584 seconds
Platform modules already initialized, skipping
Refreshing native plugins compatible for Editor in 1.12 ms, found 2 plugins.
Preloading 0 native plugins for Editor in 0.00 ms.
Unloading 1799 Unused Serialized files (Serialized files now loaded: 0)
System memory in use before: 102.1 MB.
System memory in use after: 102.2 MB.

Unloading 14 unused Assets to reduce memory usage. Loaded Objects now: 2308.
Total: 12.456900 ms (FindLiveObjects: 0.426700 ms CreateObjectMapping: 0.225800 ms MarkObjects: 11.692800 ms  DeleteObjects: 0.108500 ms)

========================================================================
Received Prepare
Registering precompiled user dll's ...
Registered in 0.049164 seconds.
Begin MonoManager ReloadAssembly
Native extension for WindowsStandalone target not found
Refreshing native plugins compatible for Editor in 1.51 ms, found 2 plugins.
Preloading 0 native plugins for Editor in 0.00 ms.
Mono: successfully reloaded assembly
- Completed reload, in  8.622 seconds
Platform modules already initialized, skipping
Refreshing native plugins compatible for Editor in 0.63 ms, found 2 plugins.
Preloading 0 native plugins for Editor in 0.00 ms.
Unloading 1799 Unused Serialized files (Serialized files now loaded: 0)
System memory in use before: 102.1 MB.
System memory in use after: 102.2 MB.

Unloading 14 unused Assets to reduce memory usage. Loaded Objects now: 2311.
Total: 3.344600 ms (FindLiveObjects: 0.258300 ms CreateObjectMapping: 0.182500 ms MarkObjects: 2.819500 ms  DeleteObjects: 0.082500 ms)

AssetImportWorkerClient::OnTransportError - code=2 error=End of file
