Using pre-set license
Built from '2020.3/staging' branch; Version is '2020.3.10f1 (297d780c91bc) revision 2719096'; Using compiler version '192528614'; Build Type 'Release'
OS: 'Windows 10 Home; OS build 19042.1348; Version 2009; 64bit' Language: 'ko' Physical Memory: 8106 MB
BatchMode: 1, IsHumanControllingUs: 0, StartBugReporterOnCrash: 0, Is64bit: 1, IsPro: 0

 COMMAND LINE ARGUMENTS:
C:\Program Files\Unity\Hub\Editor\2020.3.10f1\Editor\Unity.exe
-adb2
-batchMode
-noUpm
-name
AssetImportWorker5
-projectPath
C:/Users/User/Desktop/unity/Coc2
-logFile
Logs/AssetImportWorker5.log
-srvPort
9279
Successfully changed project path to: C:/Users/User/Desktop/unity/Coc2
C:/Users/User/Desktop/unity/Coc2
Using Asset Import Pipeline V2.
Refreshing native plugins compatible for Editor in 106.51 ms, found 2 plugins.
Preloading 0 native plugins for Editor in 0.00 ms.
Initialize engine version: 2020.3.10f1 (297d780c91bc)
[Subsystems] Discovering subsystems at path C:/Program Files/Unity/Hub/Editor/2020.3.10f1/Editor/Data/Resources/UnitySubsystems
[Subsystems] Discovering subsystems at path C:/Users/User/Desktop/unity/Coc2/Assets
GfxDevice: creating device client; threaded=0
Direct3D:
    Version:  Direct3D 11.0 [level 11.1]
    Renderer: Intel(R) HD Graphics 4600 (ID=0x416)
    Vendor:   
    VRAM:     2048 MB
    Driver:   20.19.15.4483
Initialize mono
Mono path[0] = 'C:/Program Files/Unity/Hub/Editor/2020.3.10f1/Editor/Data/Managed'
Mono path[1] = 'C:/Program Files/Unity/Hub/Editor/2020.3.10f1/Editor/Data/MonoBleedingEdge/lib/mono/unityjit'
Mono config path = 'C:/Program Files/Unity/Hub/Editor/2020.3.10f1/Editor/Data/MonoBleedingEdge/etc'
Using monoOptions --debugger-agent=transport=dt_socket,embedding=1,server=y,suspend=n,address=127.0.0.1:56356
Begin MonoManager ReloadAssembly
Registering precompiled unity dll's ...
Register platform support module: C:/Program Files/Unity/Hub/Editor/2020.3.10f1/Editor/Data/PlaybackEngines/WindowsStandaloneSupport/UnityEditor.WindowsStandalone.Extensions.dll
Registered in 0.031502 seconds.
Native extension for WindowsStandalone target not found
Refreshing native plugins compatible for Editor in 208.81 ms, found 2 plugins.
Preloading 0 native plugins for Editor in 0.00 ms.
Mono: successfully reloaded assembly
- Completed reload, in  8.424 seconds
Platform modules already initialized, skipping
Registering precompiled user dll's ...
Registered in 0.055824 seconds.
Begin MonoManager ReloadAssembly
Native extension for WindowsStandalone target not found
Refreshing native plugins compatible for Editor in 1.29 ms, found 2 plugins.
Preloading 0 native plugins for Editor in 0.00 ms.
Mono: successfully reloaded assembly
- Completed reload, in  7.132 seconds
Platform modules already initialized, skipping
========================================================================
Worker process is ready to serve import requests
Launched and connected shader compiler UnityShaderCompiler.exe after 0.59 seconds
Refreshing native plugins compatible for Editor in 1.23 ms, found 2 plugins.
Preloading 0 native plugins for Editor in 0.00 ms.
Unloading 1502 Unused Serialized files (Serialized files now loaded: 0)
System memory in use before: 84.0 MB.
System memory in use after: 84.1 MB.

Unloading 23 unused Assets to reduce memory usage. Loaded Objects now: 1960.
Total: 4.437400 ms (FindLiveObjects: 0.321600 ms CreateObjectMapping: 0.192900 ms MarkObjects: 3.726200 ms  DeleteObjects: 0.194300 ms)

========================================================================
Received Import Request.
  path: Assets/AssetStore/Puzzle stage & settings GUI Pack/Image_orange/Button/exit.png
  artifactKey: Guid(f34b2bc753aef4542b41d9e8b0624016) Importer(815301076,1909f56bfc062723c751e8b465ee728b)
Start importing Assets/AssetStore/Puzzle stage & settings GUI Pack/Image_orange/Button/exit.png using Guid(f34b2bc753aef4542b41d9e8b0624016) Importer(815301076,1909f56bfc062723c751e8b465ee728b)  -> (artifact id: '8fe642c19931e1a526cc6b5605b64e38') in 1.979900 seconds
  Import took 1.986112 seconds .

========================================================================
Received Import Request.
  Time since last request: 0.000705 seconds.
  path: Assets/AssetStore/Puzzle stage & settings GUI Pack/Image_orange/Button/resume.png
  artifactKey: Guid(857e4ad3a8d497e43842fedf7306dda1) Importer(815301076,1909f56bfc062723c751e8b465ee728b)
Start importing Assets/AssetStore/Puzzle stage & settings GUI Pack/Image_orange/Button/resume.png using Guid(857e4ad3a8d497e43842fedf7306dda1) Importer(815301076,1909f56bfc062723c751e8b465ee728b)  -> (artifact id: '26276e8ea2bd11693d1718bcf6df728f') in 0.091917 seconds
  Import took 0.106889 seconds .

========================================================================
Received Import Request.
  Time since last request: 0.000654 seconds.
  path: Assets/AssetStore/Puzzle stage & settings GUI Pack/Image_orange/Button/settings.png
  artifactKey: Guid(7d9fd9225614f9943a849503b21c24b1) Importer(815301076,1909f56bfc062723c751e8b465ee728b)
Start importing Assets/AssetStore/Puzzle stage & settings GUI Pack/Image_orange/Button/settings.png using Guid(7d9fd9225614f9943a849503b21c24b1) Importer(815301076,1909f56bfc062723c751e8b465ee728b)  -> (artifact id: '866da04e9db93820088bb34892e137fe') in 0.107084 seconds
  Import took 0.114170 seconds .

========================================================================
Received Import Request.
  Time since last request: 0.000679 seconds.
  path: Assets/AssetStore/Puzzle stage & settings GUI Pack/Image_orange/Button/help.png
  artifactKey: Guid(ccfe301e7fef153459b4861590b1e3db) Importer(815301076,1909f56bfc062723c751e8b465ee728b)
Start importing Assets/AssetStore/Puzzle stage & settings GUI Pack/Image_orange/Button/help.png using Guid(ccfe301e7fef153459b4861590b1e3db) Importer(815301076,1909f56bfc062723c751e8b465ee728b)  -> (artifact id: '426f4901d7e28556c71e6bb083335397') in 0.148119 seconds
  Import took 0.160659 seconds .

========================================================================
Received Import Request.
  Time since last request: 0.000739 seconds.
  path: Assets/AssetStore/Puzzle stage & settings GUI Pack/Image_orange/Button/quit.png
  artifactKey: Guid(7d2ef8125c0a57149a33424eb12afd93) Importer(815301076,1909f56bfc062723c751e8b465ee728b)
Start importing Assets/AssetStore/Puzzle stage & settings GUI Pack/Image_orange/Button/quit.png using Guid(7d2ef8125c0a57149a33424eb12afd93) Importer(815301076,1909f56bfc062723c751e8b465ee728b)  -> (artifact id: '3cb518be9388933cf6f29ae49a897d4d') in 0.095574 seconds
  Import took 0.106288 seconds .

========================================================================
Received Import Request.
  Time since last request: 0.000645 seconds.
  path: Assets/AssetStore/Puzzle stage & settings GUI Pack/Image_orange/Button/restart.png
  artifactKey: Guid(ccc38d27144071848acfd4f9b7a2cca6) Importer(815301076,1909f56bfc062723c751e8b465ee728b)
Start importing Assets/AssetStore/Puzzle stage & settings GUI Pack/Image_orange/Button/restart.png using Guid(ccc38d27144071848acfd4f9b7a2cca6) Importer(815301076,1909f56bfc062723c751e8b465ee728b)  -> (artifact id: '554d821ad6ded443717b82e616cc605c') in 0.092593 seconds
  Import took 0.101829 seconds .

========================================================================
Received Import Request.
  Time since last request: 0.000699 seconds.
  path: Assets/AssetStore/Puzzle stage & settings GUI Pack/Image_orange/Button/start.png
  artifactKey: Guid(4f55cb7fbb24da74ba6e766884d76dec) Importer(815301076,1909f56bfc062723c751e8b465ee728b)
Start importing Assets/AssetStore/Puzzle stage & settings GUI Pack/Image_orange/Button/start.png using Guid(4f55cb7fbb24da74ba6e766884d76dec) Importer(815301076,1909f56bfc062723c751e8b465ee728b)  -> (artifact id: 'ac6d64c5310da3e4427b71b81612189c') in 0.093985 seconds
  Import took 0.104243 seconds .

========================================================================
Received Import Request.
  Time since last request: 0.000898 seconds.
  path: Assets/AssetStore/Puzzle stage & settings GUI Pack/Image_orange/Button/ok.png
  artifactKey: Guid(bf065e8d2b0d2c04cbb67701fcdd4544) Importer(815301076,1909f56bfc062723c751e8b465ee728b)
Start importing Assets/AssetStore/Puzzle stage & settings GUI Pack/Image_orange/Button/ok.png using Guid(bf065e8d2b0d2c04cbb67701fcdd4544) Importer(815301076,1909f56bfc062723c751e8b465ee728b)  -> (artifact id: '290ba2c2e91bbe70838e056566140467') in 0.245188 seconds
  Import took 0.269737 seconds .

========================================================================
Received Import Request.
  Time since last request: 0.008133 seconds.
  path: Assets/AssetStore/Puzzle stage & settings GUI Pack/Image_orange/Button/ok.png
  artifactKey: Guid(bf065e8d2b0d2c04cbb67701fcdd4544) Importer(815301076,1909f56bfc062723c751e8b465ee728b)
Start importing Assets/AssetStore/Puzzle stage & settings GUI Pack/Image_orange/Button/ok.png using Guid(bf065e8d2b0d2c04cbb67701fcdd4544) Importer(815301076,1909f56bfc062723c751e8b465ee728b)  -> (artifact id: '290ba2c2e91bbe70838e056566140467') in 0.213380 seconds
  Import took 0.226912 seconds .

========================================================================
Received Prepare
Registering precompiled user dll's ...
Registered in 1.153044 seconds.
Begin MonoManager ReloadAssembly
Native extension for WindowsStandalone target not found
Refreshing native plugins compatible for Editor in 1.08 ms, found 2 plugins.
Preloading 0 native plugins for Editor in 0.00 ms.
Mono: successfully reloaded assembly
- Completed reload, in  7.564 seconds
Platform modules already initialized, skipping
Refreshing native plugins compatible for Editor in 1.27 ms, found 2 plugins.
Preloading 0 native plugins for Editor in 0.00 ms.
Unloading 1495 Unused Serialized files (Serialized files now loaded: 0)
System memory in use before: 86.9 MB.
System memory in use after: 86.9 MB.

Unloading 14 unused Assets to reduce memory usage. Loaded Objects now: 1969.
Total: 12.037000 ms (FindLiveObjects: 2.866400 ms CreateObjectMapping: 0.732800 ms MarkObjects: 8.240000 ms  DeleteObjects: 0.188200 ms)

AssetImportWorkerClient::OnTransportError - code=2 error=End of file
